<?xml version="1.0" encoding="UTF-8"?>
<!-- Generated by org.testng.reporters.JUnitReportReporter -->
<testsuite skipped="0" hostname="ezs013" name="test.java.NewTest" tests="1" failures="0" timestamp="21 Aug 2018 15:00:20 GMT" time="0.014" errors="0">
  <testcase name="f" time="0.014" classname="test.java.NewTest"/>
</testsuite> <!-- test.java.NewTest -->
