<?xml version="1.0" encoding="UTF-8"?>
<!-- Generated by org.testng.reporters.JUnitReportReporter -->
<testsuite skipped="0" hostname="ezs013" name="com.eDocs.SanityTesting.UniversalSettings" tests="7" failures="0" timestamp="22 Aug 2018 06:52:03 GMT" time="64.720" errors="0">
  <testcase name="Login" time="10.245" classname="com.eDocs.SanityTesting.UniversalSettings"/>
  <testcase name="ResidueLimitSAVE" time="24.528" classname="com.eDocs.SanityTesting.UniversalSettings"/>
  <testcase name="GeneralSettings" time="9.345" classname="com.eDocs.SanityTesting.UniversalSettings"/>
  <testcase name="SiteMap" time="8.410" classname="com.eDocs.SanityTesting.UniversalSettings"/>
  <testcase name="SampleLocation" time="3.372" classname="com.eDocs.SanityTesting.UniversalSettings"/>
  <testcase name="productgrouping" time="4.362" classname="com.eDocs.SanityTesting.UniversalSettings"/>
  <testcase name="microbialLimit" time="4.458" classname="com.eDocs.SanityTesting.UniversalSettings"/>
</testsuite> <!-- com.eDocs.SanityTesting.UniversalSettings -->
