<?xml version="1.0" encoding="UTF-8"?>
<testsuite name="TestSuite" time="64.721" tests="7" errors="0" skipped="0" failures="0">
  <properties>
    <property name="java.runtime.name" value="Java(TM) SE Runtime Environment"/>
    <property name="sun.boot.library.path" value="C:\Program Files\Java\jdk1.8.0_05\jre\bin"/>
    <property name="java.vm.version" value="25.5-b02"/>
    <property name="java.vm.vendor" value="Oracle Corporation"/>
    <property name="maven.multiModuleProjectDirectory" value="C:\Users\Easy solutions\git\CV-Docs Maven\CVeDocsMaven"/>
    <property name="java.vendor.url" value="http://java.oracle.com/"/>
    <property name="path.separator" value=";"/>
    <property name="guice.disable.misplaced.annotation.check" value="true"/>
    <property name="java.vm.name" value="Java HotSpot(TM) 64-Bit Server VM"/>
    <property name="file.encoding.pkg" value="sun.io"/>
    <property name="user.script" value=""/>
    <property name="user.country" value="US"/>
    <property name="sun.java.launcher" value="SUN_STANDARD"/>
    <property name="sun.os.patch.level" value=""/>
    <property name="java.vm.specification.name" value="Java Virtual Machine Specification"/>
    <property name="user.dir" value="C:\Users\Easy solutions\git\CV-Docs Maven\CVeDocsMaven"/>
    <property name="java.runtime.version" value="1.8.0_05-b13"/>
    <property name="java.awt.graphicsenv" value="sun.awt.Win32GraphicsEnvironment"/>
    <property name="java.endorsed.dirs" value="C:\Program Files\Java\jdk1.8.0_05\jre\lib\endorsed"/>
    <property name="os.arch" value="amd64"/>
    <property name="java.io.tmpdir" value="C:\Users\EASYSO~1\AppData\Local\Temp\"/>
    <property name="line.separator" value="&#10;"/>
    <property name="java.vm.specification.vendor" value="Oracle Corporation"/>
    <property name="user.variant" value=""/>
    <property name="os.name" value="Windows 8.1"/>
    <property name="classworlds.conf" value="C:\Users\Easy solutions\git\CV-Docs\.metadata\.plugins\org.eclipse.m2e.launching\launches\m2conf311693472081825267.tmp"/>
    <property name="sun.jnu.encoding" value="Cp1252"/>
    <property name="java.library.path" value="C:\Program Files\Java\jdk1.8.0_05\bin;C:\WINDOWS\Sun\Java\bin;C:\WINDOWS\system32;C:\WINDOWS;C:/Program Files/Java/jdk1.8.0_05/bin/../jre/bin/server;C:/Program Files/Java/jdk1.8.0_05/bin/../jre/bin;C:/Program Files/Java/jdk1.8.0_05/bin/../jre/lib/amd64;C:\Program Files\Git\cmd;C:\Program Files\Git\bin;C:\Windows\System32\wbem;C:\Windows\System32\wbem\WMIC.exe;C:\Program Files\Amazon\AWSCLI\;C:\WINDOWS\system32;C:\WINDOWS;C:\WINDOWS\System32\Wbem;C:\WINDOWS\System32\WindowsPowerShell\v1.0\;C:\Windows\System32;C:\Program Files\PuTTY\;&quot;C:\Program Files\Git\cmd;C:\Program Files\Git\bin;C:\Windows\System32\wbem;C:\Windows\System32\wbem\WMIC.exe;C:\Program Files\Amazon\AWSCLI\;C:\WINDOWS\system32;C:\WINDOWS;C:\WINDOWS\System32\Wbem;C:\WINDOWS\System32\WindowsPowerShell\v1.0\;C:\Windows\System32;C:\Program Files\PuTTY\;&quot;C:\Program Files\Git\cmd;C:\Program Files\Git\bin;C:\Windows\System32\wbem;C:\Windows\System32\wbem\WMIC.exe;C:\Program Files\Amazon\AWSCLI\;C:\WINDOWS\system32;C:\WINDOWS;C:\WINDOWS\System32\Wbem;C:\WINDOWS\System32\WindowsPowerShell\v1.0\;C:\Windows\System32;C:\Program Files\PuTTY\;&quot;C:\WINDOWS\System32;C:\Program Files\Java\jdk1.8.0_05\bin;C:\Program Files (x86)\Tomcat 8.5\bin;C:\Program Files\Java\jdk1.8.0_05\\bin&quot;;;C:\WINDOWS\System32\OpenSSH\;C:\Program Files\Java\jdk1.8.0_05\bin;C:\Program Files (x86)\Tomcat 8.5\bin;C:\Program Files\Java\jdk1.8.0_05\\bin&quot;;;C:\WINDOWS\System32\OpenSSH\;C:\Program Files\Java\jdk1.8.0_05\bin;C:\Program Files (x86)\Tomcat 8.5\bin;C:\Program Files\Java\jdk1.8.0_05\\bin&quot;;;C:\WINDOWS\System32\OpenSSH\;C:\Users\Easy solutions\AppData\Local\Microsoft\WindowsApps;;D:\eclipse;;."/>
    <property name="java.specification.name" value="Java Platform API Specification"/>
    <property name="java.class.version" value="52.0"/>
    <property name="sun.management.compiler" value="HotSpot 64-Bit Tiered Compilers"/>
    <property name="os.version" value="6.3"/>
    <property name="user.home" value="C:\Users\Easy solutions"/>
    <property name="user.timezone" value="Asia/Calcutta"/>
    <property name="java.awt.printerjob" value="sun.awt.windows.WPrinterJob"/>
    <property name="java.specification.version" value="1.8"/>
    <property name="file.encoding" value="Cp1252"/>
    <property name="user.name" value="Easy solutions"/>
    <property name="java.class.path" value="D:\eclipse\plugins\org.eclipse.m2e.maven.runtime_1.8.2.20171007-0216\jars\plexus-classworlds-2.5.2.jar"/>
    <property name="java.vm.specification.version" value="1.8"/>
    <property name="sun.arch.data.model" value="64"/>
    <property name="java.home" value="C:\Program Files\Java\jdk1.8.0_05\jre"/>
    <property name="sun.java.command" value="org.codehaus.plexus.classworlds.launcher.Launcher -B clean install"/>
    <property name="java.specification.vendor" value="Oracle Corporation"/>
    <property name="user.language" value="en"/>
    <property name="awt.toolkit" value="sun.awt.windows.WToolkit"/>
    <property name="java.vm.info" value="mixed mode"/>
    <property name="java.version" value="1.8.0_05"/>
    <property name="java.ext.dirs" value="C:\Program Files\Java\jdk1.8.0_05\jre\lib\ext;C:\WINDOWS\Sun\Java\lib\ext"/>
    <property name="sun.boot.class.path" value="C:\Program Files\Java\jdk1.8.0_05\jre\lib\resources.jar;C:\Program Files\Java\jdk1.8.0_05\jre\lib\rt.jar;C:\Program Files\Java\jdk1.8.0_05\jre\lib\sunrsasign.jar;C:\Program Files\Java\jdk1.8.0_05\jre\lib\jsse.jar;C:\Program Files\Java\jdk1.8.0_05\jre\lib\jce.jar;C:\Program Files\Java\jdk1.8.0_05\jre\lib\charsets.jar;C:\Program Files\Java\jdk1.8.0_05\jre\lib\jfr.jar;C:\Program Files\Java\jdk1.8.0_05\jre\classes"/>
    <property name="java.vendor" value="Oracle Corporation"/>
    <property name="maven.home" value="C:\Users\Easy solutions\git\CV-Docs Maven\CVeDocsMaven\EMBEDDED"/>
    <property name="file.separator" value="\"/>
    <property name="java.vendor.url.bug" value="http://bugreport.sun.com/bugreport/"/>
    <property name="sun.cpu.endian" value="little"/>
    <property name="sun.io.unicode.encoding" value="UnicodeLittle"/>
    <property name="sun.desktop" value="windows"/>
    <property name="sun.cpu.isalist" value="amd64"/>
  </properties>
  <testcase name="Login" classname="com.eDocs.SanityTesting.UniversalSettings" time="10.247"/>
  <testcase name="ResidueLimitSAVE" classname="com.eDocs.SanityTesting.UniversalSettings" time="24.527"/>
  <testcase name="GeneralSettings" classname="com.eDocs.SanityTesting.UniversalSettings" time="9.345"/>
  <testcase name="SiteMap" classname="com.eDocs.SanityTesting.UniversalSettings" time="8.41"/>
  <testcase name="SampleLocation" classname="com.eDocs.SanityTesting.UniversalSettings" time="3.372"/>
  <testcase name="productgrouping" classname="com.eDocs.SanityTesting.UniversalSettings" time="4.362"/>
  <testcase name="microbialLimit" classname="com.eDocs.SanityTesting.UniversalSettings" time="4.458"/>
</testsuite>