<?xml version="1.0" encoding="UTF-8"?>
<!-- Generated by org.testng.reporters.JUnitReportReporter -->
<testsuite skipped="0" hostname="ezs013" name="com.eDocs.SanityTesting.Testing" tests="2" failures="0" timestamp="24 Apr 2018 10:22:25 GMT" time="92.547" errors="0">
  <testcase name="Login" time="3.819" classname="com.eDocs.SanityTesting.Testing"/>
  <testcase name="CreateEquipment" time="88.728" classname="com.eDocs.SanityTesting.Testing"/>
</testsuite> <!-- com.eDocs.SanityTesting.Testing -->
