<?xml version="1.0" encoding="UTF-8"?>
<!-- Generated by org.testng.reporters.JUnitReportReporter -->
<testsuite skipped="0" hostname="ezs013" name="com.eDocs.DMS.DmsDelete" tests="1" failures="0" timestamp="20 Aug 2018 09:54:05 GMT" time="10.220" errors="0">
  <testcase name="DeleteDMS" time="10.220" classname="com.eDocs.DMS.DmsDelete"/>
</testsuite> <!-- com.eDocs.DMS.DmsDelete -->
