<?xml version="1.0" encoding="UTF-8"?>
<!-- Generated by org.testng.reporters.JUnitReportReporter -->
<testsuite skipped="0" hostname="ezs013" name="com.eDocs.solidCalculation.Default_Limit" tests="1" failures="0" timestamp="26 Mar 2018 07:06:05 GMT" time="13.812" errors="0">
  <testcase name="UniversalSettings" time="13.812" classname="com.eDocs.solidCalculation.Default_Limit"/>
</testsuite> <!-- com.eDocs.solidCalculation.Default_Limit -->
