<?xml version="1.0" encoding="UTF-8"?>
<!-- Generated by org.testng.reporters.JUnitReportReporter -->
<testsuite skipped="0" hostname="ezs013" name="com.eDocs.PatchProduct.PatchMinBatch" tests="6" failures="0" timestamp="20 Aug 2018 09:54:05 GMT" time="13.092" errors="0">
  <testcase name="minBatchEmptyTest" time="2.675" classname="com.eDocs.PatchProduct.PatchMinBatch"/>
  <testcase name="minBatchZEROTest" time="2.024" classname="com.eDocs.PatchProduct.PatchMinBatch"/>
  <testcase name="minBatchMaxLengthTest" time="2.111" classname="com.eDocs.PatchProduct.PatchMinBatch"/>
  <testcase name="minBatchAlphabetsTest" time="2.112" classname="com.eDocs.PatchProduct.PatchMinBatch"/>
  <testcase name="minBatchSpaceTest" time="2.091" classname="com.eDocs.PatchProduct.PatchMinBatch"/>
  <testcase name="minBatchMultiDecimalTest" time="2.079" classname="com.eDocs.PatchProduct.PatchMinBatch"/>
</testsuite> <!-- com.eDocs.PatchProduct.PatchMinBatch -->
