<?xml version="1.0" encoding="UTF-8"?>
<!-- Generated by org.testng.reporters.JUnitReportReporter -->
<testsuite skipped="0" hostname="ezs013" name="com.eDocs.TopicalProduct.TopicalBioBurden" tests="4" failures="0" timestamp="20 Aug 2018 09:54:05 GMT" time="3.167" errors="0">
  <testcase name="bioburdenMaxLengthTest" time="1.957" classname="com.eDocs.TopicalProduct.TopicalBioBurden"/>
  <testcase name="bioburdenAlphabetsTest" time="0.477" classname="com.eDocs.TopicalProduct.TopicalBioBurden"/>
  <testcase name="bioburdenSpaceTest" time="0.361" classname="com.eDocs.TopicalProduct.TopicalBioBurden"/>
  <testcase name="bioburdenMultiDecimalTest" time="0.372" classname="com.eDocs.TopicalProduct.TopicalBioBurden"/>
</testsuite> <!-- com.eDocs.TopicalProduct.TopicalBioBurden -->
