<?xml version="1.0" encoding="UTF-8"?>
<!-- Generated by org.testng.reporters.JUnitReportReporter -->
<testsuite skipped="0" hostname="ezs013" name="com.eDocs.Test.NewTest" tests="1" failures="0" timestamp="30 Mar 2018 05:23:35 GMT" time="0.335" errors="0">
  <testcase name="test" time="0.335" classname="com.eDocs.Test.NewTest"/>
</testsuite> <!-- com.eDocs.Test.NewTest -->
