<?xml version="1.0" encoding="UTF-8"?>
<!-- Generated by org.testng.reporters.JUnitReportReporter -->
<testsuite skipped="0" hostname="ezs013" name="com.eDocs.Product.ProductName" tests="12" failures="0" timestamp="31 Jul 2018 08:33:03 GMT" time="63.010" errors="0">
  <testcase name="nameEmpty" time="11.259" classname="com.eDocs.Product.ProductName"/>
  <testcase name="nameMaxFieldLength" time="3.659" classname="com.eDocs.Product.ProductName"/>
  <testcase name="nameSpecialChar" time="3.654" classname="com.eDocs.Product.ProductName"/>
  <testcase name="nameBeginingSpaceCheck" time="4.100" classname="com.eDocs.Product.ProductName"/>
  <testcase name="productIDMaxLength" time="3.740" classname="com.eDocs.Product.ProductName"/>
  <testcase name="finishedDosageFormEmpty" time="4.604" classname="com.eDocs.Product.ProductName"/>
  <testcase name="finishedDosageFormCREATEEmpty" time="5.924" classname="com.eDocs.Product.ProductName"/>
  <testcase name="finishedDosageFormDuplicate" time="5.266" classname="com.eDocs.Product.ProductName"/>
  <testcase name="finishedDosageFormCREATEMaxLength" time="4.334" classname="com.eDocs.Product.ProductName"/>
  <testcase name="finishedDosageFormCREATESuccess" time="5.185" classname="com.eDocs.Product.ProductName"/>
  <testcase name="finishedDosageFormDeleteSuccess" time="5.990" classname="com.eDocs.Product.ProductName"/>
  <testcase name="ActiveEmpty" time="5.295" classname="com.eDocs.Product.ProductName"/>
</testsuite> <!-- com.eDocs.Product.ProductName -->
