<?xml version="1.0" encoding="UTF-8"?>
<!-- Generated by org.testng.reporters.JUnitReportReporter -->
<testsuite skipped="0" hostname="ezs013" name="com.eDocs.Equipment.EquipmentSurfaceArea" tests="6" failures="0" timestamp="20 Aug 2018 09:54:05 GMT" time="13.544" errors="0">
  <testcase name="NumericEmptyTest" time="3.165" classname="com.eDocs.Equipment.EquipmentSurfaceArea"/>
  <testcase name="NumericZEROTest" time="1.970" classname="com.eDocs.Equipment.EquipmentSurfaceArea"/>
  <testcase name="NumericMaxLengthTest" time="2.090" classname="com.eDocs.Equipment.EquipmentSurfaceArea"/>
  <testcase name="numericFieldAlphabetsCheckTest" time="2.083" classname="com.eDocs.Equipment.EquipmentSurfaceArea"/>
  <testcase name="numericSpaceCheckTest" time="2.075" classname="com.eDocs.Equipment.EquipmentSurfaceArea"/>
  <testcase name="numericMultiDecimalTest" time="2.161" classname="com.eDocs.Equipment.EquipmentSurfaceArea"/>
</testsuite> <!-- com.eDocs.Equipment.EquipmentSurfaceArea -->
