<?xml version="1.0" encoding="UTF-8"?>
<!-- Generated by org.testng.reporters.JUnitReportReporter -->
<testsuite skipped="0" hostname="ezs013" name="com.eDocs.PatchProduct.PatchBasisofCalculation" tests="21" failures="0" timestamp="20 Aug 2018 09:54:05 GMT" time="47.838" errors="0">
  <testcase name="MinDDEmptyTest" time="4.288" classname="com.eDocs.PatchProduct.PatchBasisofCalculation"/>
  <testcase name="MinDDZEROTest" time="2.052" classname="com.eDocs.PatchProduct.PatchBasisofCalculation"/>
  <testcase name="MinDDMaxLengthTest" time="2.072" classname="com.eDocs.PatchProduct.PatchBasisofCalculation"/>
  <testcase name="MinDDAlphabetsTest" time="2.043" classname="com.eDocs.PatchProduct.PatchBasisofCalculation"/>
  <testcase name="MinDDSpaceTest" time="2.159" classname="com.eDocs.PatchProduct.PatchBasisofCalculation"/>
  <testcase name="MinDDMultiDecimalTest" time="2.062" classname="com.eDocs.PatchProduct.PatchBasisofCalculation"/>
  <testcase name="activeConcenZEROTest" time="2.028" classname="com.eDocs.PatchProduct.PatchBasisofCalculation"/>
  <testcase name="activeConcenMaxLengthTest" time="2.099" classname="com.eDocs.PatchProduct.PatchBasisofCalculation"/>
  <testcase name="activeConcenAlphabetsTest" time="2.123" classname="com.eDocs.PatchProduct.PatchBasisofCalculation"/>
  <testcase name="activeConcenSpaceTest" time="2.034" classname="com.eDocs.PatchProduct.PatchBasisofCalculation"/>
  <testcase name="activeConcenMultiDecimalTest" time="2.038" classname="com.eDocs.PatchProduct.PatchBasisofCalculation"/>
  <testcase name="DoseofActiveZEROTest" time="2.064" classname="com.eDocs.PatchProduct.PatchBasisofCalculation"/>
  <testcase name="DoseofActiveMaxLengthTest" time="2.056" classname="com.eDocs.PatchProduct.PatchBasisofCalculation"/>
  <testcase name="DoseofActiveAlphabetsTest" time="2.067" classname="com.eDocs.PatchProduct.PatchBasisofCalculation"/>
  <testcase name="DoseofActiveSpaceTest" time="2.123" classname="com.eDocs.PatchProduct.PatchBasisofCalculation"/>
  <testcase name="DoseofActiveMultiDecimalTest" time="2.037" classname="com.eDocs.PatchProduct.PatchBasisofCalculation"/>
  <testcase name="minPatchWornZEROTest" time="2.049" classname="com.eDocs.PatchProduct.PatchBasisofCalculation"/>
  <testcase name="minPatchWornMaxLengthTest" time="2.185" classname="com.eDocs.PatchProduct.PatchBasisofCalculation"/>
  <testcase name="minPatchWornAlphabetsTest" time="2.144" classname="com.eDocs.PatchProduct.PatchBasisofCalculation"/>
  <testcase name="minPatchWornSpaceTest" time="2.081" classname="com.eDocs.PatchProduct.PatchBasisofCalculation"/>
  <testcase name="minPatchWornMultiDecimalTest" time="4.034" classname="com.eDocs.PatchProduct.PatchBasisofCalculation"/>
</testsuite> <!-- com.eDocs.PatchProduct.PatchBasisofCalculation -->
