<?xml version="1.0" encoding="UTF-8"?>
<!-- Generated by org.testng.reporters.JUnitReportReporter -->
<testsuite skipped="0" hostname="ezs013" name="com.eDocs.CommonValidation.AlphaNumericValidation" tests="5" failures="0" timestamp="26 May 2018 06:48:51 GMT" time="26.669" errors="0">
  <testcase name="Login" time="11.009" classname="com.eDocs.CommonValidation.AlphaNumericValidation"/>
  <testcase name="AlphaNumericEmptyTest" time="5.091" classname="com.eDocs.CommonValidation.AlphaNumericValidation"/>
  <testcase name="MaxLengthCheckTest" time="3.684" classname="com.eDocs.CommonValidation.AlphaNumericValidation"/>
  <testcase name="nameSpecialCharCheckTest" time="3.475" classname="com.eDocs.CommonValidation.AlphaNumericValidation"/>
  <testcase name="nameBeginingSpaceCheckTest" time="3.410" classname="com.eDocs.CommonValidation.AlphaNumericValidation"/>
</testsuite> <!-- com.eDocs.CommonValidation.AlphaNumericValidation -->
