<?xml version="1.0" encoding="UTF-8"?>
<!-- Generated by org.testng.reporters.JUnitReportReporter -->
<testsuite skipped="0" hostname="ezs013" name="com.eDocs.TopicalProduct.TopicalMaxBodySFArea" tests="5" failures="0" timestamp="20 Aug 2018 09:54:05 GMT" time="10.760" errors="0">
  <testcase name="maxBodySFZEROTest" time="1.988" classname="com.eDocs.TopicalProduct.TopicalMaxBodySFArea"/>
  <testcase name="maxBodySFMaxLengthTest" time="2.064" classname="com.eDocs.TopicalProduct.TopicalMaxBodySFArea"/>
  <testcase name="maxBodySFAlphabetsTest" time="2.033" classname="com.eDocs.TopicalProduct.TopicalMaxBodySFArea"/>
  <testcase name="maxBodySFSpaceTest" time="2.048" classname="com.eDocs.TopicalProduct.TopicalMaxBodySFArea"/>
  <testcase name="maxBodySFMultiDecimalTest" time="2.627" classname="com.eDocs.TopicalProduct.TopicalMaxBodySFArea"/>
</testsuite> <!-- com.eDocs.TopicalProduct.TopicalMaxBodySFArea -->
