<?xml version="1.0" encoding="UTF-8"?>
<!-- Generated by org.testng.reporters.JUnitReportReporter -->
<testsuite skipped="0" hostname="ezs013" name="com.eDocs.PatchProduct.PatchBioBurden" tests="4" failures="0" timestamp="20 Aug 2018 09:54:05 GMT" time="3.193" errors="0">
  <testcase name="bioburdenMaxLengthTest" time="2.014" classname="com.eDocs.PatchProduct.PatchBioBurden"/>
  <testcase name="bioburdenAlphabetsTest" time="0.396" classname="com.eDocs.PatchProduct.PatchBioBurden"/>
  <testcase name="bioburdenSpaceTest" time="0.397" classname="com.eDocs.PatchProduct.PatchBioBurden"/>
  <testcase name="bioburdenMultiDecimalTest" time="0.386" classname="com.eDocs.PatchProduct.PatchBioBurden"/>
</testsuite> <!-- com.eDocs.PatchProduct.PatchBioBurden -->
