<?xml version="1.0" encoding="UTF-8"?>
<!-- Generated by org.testng.reporters.JUnitReportReporter -->
<testsuite skipped="0" hostname="ezs013" name="com.eDocs.Product.ProductBasisofCalculation" tests="21" failures="0" timestamp="31 Jul 2018 08:33:03 GMT" time="76.562" errors="0">
  <testcase name="MinDDEmptyTest" time="4.784" classname="com.eDocs.Product.ProductBasisofCalculation"/>
  <testcase name="MinDDZEROTest" time="3.014" classname="com.eDocs.Product.ProductBasisofCalculation"/>
  <testcase name="MinDDMaxLengthTest" time="3.592" classname="com.eDocs.Product.ProductBasisofCalculation"/>
  <testcase name="MinDDAlphabetsTest" time="3.629" classname="com.eDocs.Product.ProductBasisofCalculation"/>
  <testcase name="MinDDSpaceTest" time="3.576" classname="com.eDocs.Product.ProductBasisofCalculation"/>
  <testcase name="MinDDMultiDecimalTest" time="3.633" classname="com.eDocs.Product.ProductBasisofCalculation"/>
  <testcase name="ActiveConcenZEROTest" time="3.004" classname="com.eDocs.Product.ProductBasisofCalculation"/>
  <testcase name="ActiveConcenMaxLengthTest" time="3.616" classname="com.eDocs.Product.ProductBasisofCalculation"/>
  <testcase name="ActiveConcenAlphabetsTest" time="3.570" classname="com.eDocs.Product.ProductBasisofCalculation"/>
  <testcase name="ActiveConcenSpaceTest" time="3.618" classname="com.eDocs.Product.ProductBasisofCalculation"/>
  <testcase name="ActiveConcenMultiDecimalTest" time="3.618" classname="com.eDocs.Product.ProductBasisofCalculation"/>
  <testcase name="DoseofActiveZEROTest" time="3.051" classname="com.eDocs.Product.ProductBasisofCalculation"/>
  <testcase name="DoseofActiveMaxLengthTest" time="3.675" classname="com.eDocs.Product.ProductBasisofCalculation"/>
  <testcase name="DoseofActiveAlphabetsTest" time="3.619" classname="com.eDocs.Product.ProductBasisofCalculation"/>
  <testcase name="DoseofActiveSpaceTest" time="3.677" classname="com.eDocs.Product.ProductBasisofCalculation"/>
  <testcase name="DoseofActiveMultiDecimalTest" time="3.573" classname="com.eDocs.Product.ProductBasisofCalculation"/>
  <testcase name="MinnoofDoseZEROTest" time="3.028" classname="com.eDocs.Product.ProductBasisofCalculation"/>
  <testcase name="MinnoofDoseMaxLengthTest" time="3.592" classname="com.eDocs.Product.ProductBasisofCalculation"/>
  <testcase name="MinnoofDoseAlphabetsTest" time="3.600" classname="com.eDocs.Product.ProductBasisofCalculation"/>
  <testcase name="MinnoofDoseSpaceTest" time="3.599" classname="com.eDocs.Product.ProductBasisofCalculation"/>
  <testcase name="MinnoofDoseMultiDecimalTest" time="5.494" classname="com.eDocs.Product.ProductBasisofCalculation"/>
</testsuite> <!-- com.eDocs.Product.ProductBasisofCalculation -->
