<?xml version="1.0" encoding="UTF-8"?>
<!-- Generated by org.testng.reporters.JUnitReportReporter -->
<testsuite skipped="0" hostname="ezs013" name="com.eDocs.SolidProduct.ProductEquipmentSelection" tests="3" failures="0" timestamp="20 Aug 2018 09:54:05 GMT" time="15.457" errors="0">
  <testcase name="EquipmentSetSelectionOptionEmpty" time="4.130" classname="com.eDocs.SolidProduct.ProductEquipmentSelection"/>
  <testcase name="EquipmentSetEmpty" time="4.945" classname="com.eDocs.SolidProduct.ProductEquipmentSelection"/>
  <testcase name="productSave" time="6.382" classname="com.eDocs.SolidProduct.ProductEquipmentSelection"/>
</testsuite> <!-- com.eDocs.SolidProduct.ProductEquipmentSelection -->
