<?xml version="1.0" encoding="UTF-8"?>
<!-- Generated by org.testng.reporters.JUnitReportReporter -->
<testsuite skipped="0" hostname="ezs013" name="com.eDocs.Equipment.EquipmentDelete" tests="1" failures="0" timestamp="20 Aug 2018 09:54:05 GMT" time="8.341" errors="0">
  <testcase name="DeleteEquipment" time="8.341" classname="com.eDocs.Equipment.EquipmentDelete"/>
</testsuite> <!-- com.eDocs.Equipment.EquipmentDelete -->
