<?xml version="1.0" encoding="UTF-8"?>
<!-- Generated by org.testng.reporters.JUnitReportReporter -->
<testsuite skipped="0" hostname="ezs013" name="com.eDocs.SolidProduct.ProductMaxDose" tests="5" failures="0" timestamp="20 Aug 2018 09:54:05 GMT" time="10.808" errors="0">
  <testcase name="NumericZEROTest" time="2.056" classname="com.eDocs.SolidProduct.ProductMaxDose"/>
  <testcase name="NumericMaxLengthTest" time="2.126" classname="com.eDocs.SolidProduct.ProductMaxDose"/>
  <testcase name="numericFieldAlphabetsCheckTest" time="2.037" classname="com.eDocs.SolidProduct.ProductMaxDose"/>
  <testcase name="numericSpaceCheckTest" time="2.100" classname="com.eDocs.SolidProduct.ProductMaxDose"/>
  <testcase name="numericMultiDecimalTest" time="2.489" classname="com.eDocs.SolidProduct.ProductMaxDose"/>
</testsuite> <!-- com.eDocs.SolidProduct.ProductMaxDose -->
