<?xml version="1.0" encoding="UTF-8"?>
<!-- Generated by org.testng.reporters.JUnitReportReporter -->
<testsuite skipped="0" hostname="ezs013" name="com.eDocs.PatchProduct.PatchMaxDailyDoseperPatch" tests="5" failures="0" timestamp="20 Aug 2018 09:54:05 GMT" time="10.455" errors="0">
  <testcase name="maxAmountZEROTest" time="2.085" classname="com.eDocs.PatchProduct.PatchMaxDailyDoseperPatch"/>
  <testcase name="maxAmountMaxLengthTest" time="2.149" classname="com.eDocs.PatchProduct.PatchMaxDailyDoseperPatch"/>
  <testcase name="maxAmountAlphabetsTest" time="2.035" classname="com.eDocs.PatchProduct.PatchMaxDailyDoseperPatch"/>
  <testcase name="maxAmountSpaceTest" time="2.051" classname="com.eDocs.PatchProduct.PatchMaxDailyDoseperPatch"/>
  <testcase name="maxAmountMultiDecimalTest" time="2.135" classname="com.eDocs.PatchProduct.PatchMaxDailyDoseperPatch"/>
</testsuite> <!-- com.eDocs.PatchProduct.PatchMaxDailyDoseperPatch -->
