<?xml version="1.0" encoding="UTF-8"?>
<!-- Generated by org.testng.reporters.JUnitReportReporter -->
<testsuite skipped="0" hostname="ezs013" name="evaluateCalculation.NewTest" tests="1" failures="0" timestamp="05 Jun 2018 05:55:53 GMT" time="0.324" errors="0">
  <testcase name="f" time="0.324" classname="evaluateCalculation.NewTest"/>
</testsuite> <!-- evaluateCalculation.NewTest -->
