<?xml version="1.0" encoding="UTF-8"?>
<!-- Generated by org.testng.reporters.JUnitReportReporter -->
<testsuite skipped="0" hostname="ezs013" name="com.eDocs.residueCalculation.ResidueCalculationwithCampaign" tests="1" failures="0" timestamp="10 Aug 2018 06:32:30 GMT" time="27.106" errors="0">
  <testcase name="test" time="27.106" classname="com.eDocs.residueCalculation.ResidueCalculationwithCampaign"/>
</testsuite> <!-- com.eDocs.residueCalculation.ResidueCalculationwithCampaign -->
