<?xml version="1.0" encoding="UTF-8"?>
<!-- Generated by org.testng.reporters.JUnitReportReporter -->
<testsuite skipped="0" hostname="ezs013" name="com.eDoca.EquipmentGroup.EquipmentGroupName" tests="5" failures="0" timestamp="11 Jun 2018 13:03:28 GMT" time="29.799" errors="0">
  <testcase name="nameEmpty" time="5.859" classname="com.eDoca.EquipmentGroup.EquipmentGroupName"/>
  <testcase name="Login" time="13.144" classname="com.eDoca.EquipmentGroup.EquipmentGroupName"/>
  <testcase name="nameMaxFieldLength" time="3.843" classname="com.eDoca.EquipmentGroup.EquipmentGroupName"/>
  <testcase name="nameSpecialChar" time="3.547" classname="com.eDoca.EquipmentGroup.EquipmentGroupName"/>
  <testcase name="nameBeginingSpaceCheck" time="3.406" classname="com.eDoca.EquipmentGroup.EquipmentGroupName"/>
</testsuite> <!-- com.eDoca.EquipmentGroup.EquipmentGroupName -->
