<?xml version="1.0" encoding="UTF-8"?>
<!-- Generated by org.testng.reporters.JUnitReportReporter -->
<testsuite skipped="0" hostname="ezs013" name="com.eDocs.Utility.UtilityDelete" tests="1" failures="0" timestamp="20 Aug 2018 09:54:05 GMT" time="11.269" errors="0">
  <testcase name="DeleteUtility" time="11.269" classname="com.eDocs.Utility.UtilityDelete"/>
</testsuite> <!-- com.eDocs.Utility.UtilityDelete -->
