<?xml version="1.0" encoding="UTF-8"?>
<!-- Generated by org.testng.reporters.JUnitReportReporter -->
<testsuite skipped="0" hostname="ezs013" name="com.eDocs.EquipmentGroup.EquipmentGroupName" tests="4" failures="0" timestamp="20 Aug 2018 09:02:28 GMT" time="14.878" errors="0">
  <testcase name="nameEmpty" time="7.936" classname="com.eDocs.EquipmentGroup.EquipmentGroupName"/>
  <testcase name="nameMaxFieldLength" time="2.155" classname="com.eDocs.EquipmentGroup.EquipmentGroupName"/>
  <testcase name="nameSpecialChar" time="2.093" classname="com.eDocs.EquipmentGroup.EquipmentGroupName"/>
  <testcase name="nameBeginingSpaceCheck" time="2.694" classname="com.eDocs.EquipmentGroup.EquipmentGroupName"/>
</testsuite> <!-- com.eDocs.EquipmentGroup.EquipmentGroupName -->
