<?xml version="1.0" encoding="UTF-8"?>
<!-- Generated by org.testng.reporters.JUnitReportReporter -->
<testsuite skipped="0" hostname="ezs013" name="com.eDocs.Product.ProductMaxDailyDose" tests="6" failures="0" timestamp="31 Jul 2018 08:33:03 GMT" time="21.085" errors="0">
  <testcase name="NumericEmptyTest" time="3.629" classname="com.eDocs.Product.ProductMaxDailyDose"/>
  <testcase name="NumericZEROTest" time="2.990" classname="com.eDocs.Product.ProductMaxDailyDose"/>
  <testcase name="NumericMaxLengthTest" time="3.680" classname="com.eDocs.Product.ProductMaxDailyDose"/>
  <testcase name="numericFieldAlphabetsCheckTest" time="3.559" classname="com.eDocs.Product.ProductMaxDailyDose"/>
  <testcase name="numericSpaceCheckTest" time="3.561" classname="com.eDocs.Product.ProductMaxDailyDose"/>
  <testcase name="numericMultiDecimalTest" time="3.666" classname="com.eDocs.Product.ProductMaxDailyDose"/>
</testsuite> <!-- com.eDocs.Product.ProductMaxDailyDose -->
