<?xml version="1.0" encoding="UTF-8"?>
<!-- Generated by org.testng.reporters.JUnitReportReporter -->
<testsuite skipped="0" hostname="ezs013" name="com.eDocs.Product.ProductMinBatch" tests="6" failures="0" timestamp="31 Jul 2018 08:33:03 GMT" time="21.396" errors="0">
  <testcase name="NumericEmptyTest" time="3.684" classname="com.eDocs.Product.ProductMinBatch"/>
  <testcase name="NumericZEROTest" time="3.035" classname="com.eDocs.Product.ProductMinBatch"/>
  <testcase name="NumericMaxLengthTest" time="3.638" classname="com.eDocs.Product.ProductMinBatch"/>
  <testcase name="numericFieldAlphabetsCheckTest" time="3.595" classname="com.eDocs.Product.ProductMinBatch"/>
  <testcase name="numericSpaceCheckTest" time="3.641" classname="com.eDocs.Product.ProductMinBatch"/>
  <testcase name="numericMultiDecimalTest" time="3.803" classname="com.eDocs.Product.ProductMinBatch"/>
</testsuite> <!-- com.eDocs.Product.ProductMinBatch -->
