<?xml version="1.0" encoding="UTF-8"?>
<!-- Generated by org.testng.reporters.JUnitReportReporter -->
<testsuite skipped="0" hostname="ezs013" name="com.eDocs.Calculation.NewTest" tests="1" failures="0" timestamp="08 Mar 2018 09:35:09 GMT" time="2.257" errors="0">
  <testcase name="equipment" time="2.257" classname="com.eDocs.Calculation.NewTest"/>
</testsuite> <!-- com.eDocs.Calculation.NewTest -->
