<?xml version="1.0" encoding="UTF-8"?>
<!-- Generated by org.testng.reporters.JUnitReportReporter -->
<testsuite skipped="0" hostname="ezs013" name="com.eDocs.Equipment.EquipmentSamplingInfo" tests="3" failures="0" timestamp="20 Aug 2018 09:54:05 GMT" time="21.980" errors="0">
  <testcase name="SamplingLocationEmptyPinTest" time="6.723" classname="com.eDocs.Equipment.EquipmentSamplingInfo"/>
  <testcase name="SamplingInfoSamplingMethodEmptyTest" time="9.715" classname="com.eDocs.Equipment.EquipmentSamplingInfo"/>
  <testcase name="SamplingInfoMOCEmptyTest" time="5.542" classname="com.eDocs.Equipment.EquipmentSamplingInfo"/>
</testsuite> <!-- com.eDocs.Equipment.EquipmentSamplingInfo -->
