<?xml version="1.0" encoding="UTF-8"?>
<!-- Generated by org.testng.reporters.JUnitReportReporter -->
<testsuite hostname="ezs013" name="com.eResidue.TestSuitebackup.CreateFolderewithTimeStamp" tests="1" failures="0" timestamp="6 Oct 2017 07:19:42 GMT" time="0.034" errors="0">
  <testcase name="CreateFileWithTimeStamp" time="0.034" classname="com.eResidue.TestSuitebackup.CreateFolderewithTimeStamp"/>
</testsuite> <!-- com.eResidue.TestSuitebackup.CreateFolderewithTimeStamp -->
