<?xml version="1.0" encoding="UTF-8"?>
<!-- Generated by org.testng.reporters.JUnitReportReporter -->
<testsuite skipped="0" hostname="ezs013" name="com.eResidue.Calculation.SolidCalculation" tests="1" failures="0" timestamp="22 Jan 2018 13:17:14 GMT" time="9.124" errors="0">
  <testcase name="P1A1_P2_Solid" time="9.124" classname="com.eResidue.Calculation.SolidCalculation"/>
</testsuite> <!-- com.eResidue.Calculation.SolidCalculation -->
