<?xml version="1.0" encoding="UTF-8"?>
<!-- Generated by org.testng.reporters.JUnitReportReporter -->
<testsuite skipped="0" hostname="ezs013" name="com.eDocs.API.APIDelete" tests="1" failures="0" timestamp="20 Aug 2018 09:02:28 GMT" time="11.110" errors="0">
  <testcase name="DeleteAPI" time="11.110" classname="com.eDocs.API.APIDelete"/>
</testsuite> <!-- com.eDocs.API.APIDelete -->
