<?xml version="1.0" encoding="UTF-8"?>
<!-- Generated by org.testng.reporters.JUnitReportReporter -->
<testsuite skipped="0" hostname="ezs013" name="com.eDocs.API.APIName" tests="11" failures="0" timestamp="20 Aug 2018 09:54:05 GMT" time="45.994" errors="0">
  <testcase name="nameEmpty" time="9.346" classname="com.eDocs.API.APIName"/>
  <testcase name="nameMaxFieldLength" time="2.185" classname="com.eDocs.API.APIName"/>
  <testcase name="nameSpecialChar" time="2.174" classname="com.eDocs.API.APIName"/>
  <testcase name="nameBeginingSpaceCheck" time="2.621" classname="com.eDocs.API.APIName"/>
  <testcase name="productIDMaxLength" time="2.179" classname="com.eDocs.API.APIName"/>
  <testcase name="routeofAdminEmpty" time="4.199" classname="com.eDocs.API.APIName"/>
  <testcase name="routeofAdminCREATEmpty" time="5.345" classname="com.eDocs.API.APIName"/>
  <testcase name="routeofAdminDuplicate" time="4.699" classname="com.eDocs.API.APIName"/>
  <testcase name="routeofAdminCREATEMaxLength" time="2.779" classname="com.eDocs.API.APIName"/>
  <testcase name="routeofAdminCREATESuccess" time="4.780" classname="com.eDocs.API.APIName"/>
  <testcase name="routeofAdminDeleteSuccess" time="5.687" classname="com.eDocs.API.APIName"/>
</testsuite> <!-- com.eDocs.API.APIName -->
