<?xml version="1.0" encoding="UTF-8"?>
<!-- Generated by org.testng.reporters.JUnitReportReporter -->
<testsuite skipped="0" hostname="ezs013" name="com.eDocs.EquipmentTrain.EquipmentTrainSelectEquipment" tests="9" failures="0" timestamp="20 Aug 2018 10:53:40 GMT" time="61.928" errors="0">
  <testcase name="EquipmentEmpty" time="4.428" classname="com.eDocs.EquipmentTrain.EquipmentTrainSelectEquipment"/>
  <testcase name="lessthanOneEquipment" time="19.057" classname="com.eDocs.EquipmentTrain.EquipmentTrainSelectEquipment"/>
  <testcase name="uploadImageEmpty" time="5.274" classname="com.eDocs.EquipmentTrain.EquipmentTrainSelectEquipment"/>
  <testcase name="locationPinEmpty" time="7.093" classname="com.eDocs.EquipmentTrain.EquipmentTrainSelectEquipment"/>
  <testcase name="locationNameEmpty" time="5.636" classname="com.eDocs.EquipmentTrain.EquipmentTrainSelectEquipment"/>
  <testcase name="locationNameMaxLength" time="2.913" classname="com.eDocs.EquipmentTrain.EquipmentTrainSelectEquipment"/>
  <testcase name="rationaleMaxLength" time="2.876" classname="com.eDocs.EquipmentTrain.EquipmentTrainSelectEquipment"/>
  <testcase name="MOCEmptyTest" time="8.994" classname="com.eDocs.EquipmentTrain.EquipmentTrainSelectEquipment"/>
  <testcase name="trainSaveandNOChangeControl" time="5.657" classname="com.eDocs.EquipmentTrain.EquipmentTrainSelectEquipment"/>
</testsuite> <!-- com.eDocs.EquipmentTrain.EquipmentTrainSelectEquipment -->
