<?xml version="1.0" encoding="UTF-8"?>
<!-- Generated by org.testng.reporters.JUnitReportReporter -->
<testsuite skipped="0" hostname="ezs013" name="com.eDocs.Equipment.EquipmentCleaningProcessType" tests="3" failures="0" timestamp="20 Aug 2018 09:54:05 GMT" time="9.208" errors="0">
  <testcase name="CleaningProcessTypeEmptyTest" time="2.669" classname="com.eDocs.Equipment.EquipmentCleaningProcessType"/>
  <testcase name="CleaningProcessTypeManual" time="0.848" classname="com.eDocs.Equipment.EquipmentCleaningProcessType"/>
  <testcase name="CleaningProcessTypeAuto" time="5.691" classname="com.eDocs.Equipment.EquipmentCleaningProcessType"/>
</testsuite> <!-- com.eDocs.Equipment.EquipmentCleaningProcessType -->
