<?xml version="1.0" encoding="UTF-8"?>
<!-- Generated by org.testng.reporters.JUnitReportReporter -->
<testsuite skipped="0" hostname="ezs013" name="com.eDocs.solidCalculation.NewTest" tests="1" failures="0" timestamp="29 Mar 2018 07:10:14 GMT" time="0.346" errors="0">
  <testcase name="test" time="0.346" classname="com.eDocs.solidCalculation.NewTest"/>
</testsuite> <!-- com.eDocs.solidCalculation.NewTest -->
