<?xml version="1.0" encoding="UTF-8"?>
<!-- Generated by org.testng.reporters.JUnitReportReporter -->
<testsuite skipped="0" hostname="ezs013" name="com.eDocs.Test.ResidueCalculation" tests="1" failures="0" timestamp="30 Mar 2018 05:38:58 GMT" time="73.888" errors="0">
  <testcase name="test" time="73.888" classname="com.eDocs.Test.ResidueCalculation"/>
</testsuite> <!-- com.eDocs.Test.ResidueCalculation -->
