<?xml version="1.0" encoding="UTF-8"?>
<!-- Generated by org.testng.reporters.JUnitReportReporter -->
<testsuite skipped="0" hostname="ezs013" name="com.eDocs.SanityTesting.sathya" tests="1" failures="0" timestamp="07 May 2018 10:30:30 GMT" time="39.864" errors="0">
  <testcase name="f" time="39.864" classname="com.eDocs.SanityTesting.sathya"/>
</testsuite> <!-- com.eDocs.SanityTesting.sathya -->
