<?xml version="1.0" encoding="UTF-8"?>
<!-- Generated by org.testng.reporters.JUnitReportReporter -->
<testsuite skipped="0" hostname="ezs013" name="com.eDocs.TopicalProduct.TopicalName" tests="17" failures="0" timestamp="20 Aug 2018 09:54:05 GMT" time="65.020" errors="0">
  <testcase name="nameEmpty" time="10.644" classname="com.eDocs.TopicalProduct.TopicalName"/>
  <testcase name="nameBeginingSpaceCheck" time="2.637" classname="com.eDocs.TopicalProduct.TopicalName"/>
  <testcase name="productIDMaxLength" time="2.294" classname="com.eDocs.TopicalProduct.TopicalName"/>
  <testcase name="packagingEmpty" time="4.098" classname="com.eDocs.TopicalProduct.TopicalName"/>
  <testcase name="packagingCREATEEmpty" time="5.346" classname="com.eDocs.TopicalProduct.TopicalName"/>
  <testcase name="packagingDuplicate" time="4.620" classname="com.eDocs.TopicalProduct.TopicalName"/>
  <testcase name="packagingCREATEMaxLength" time="2.799" classname="com.eDocs.TopicalProduct.TopicalName"/>
  <testcase name="packgingCREATESuccess" time="4.636" classname="com.eDocs.TopicalProduct.TopicalName"/>
  <testcase name="packagingDeleteSuccess" time="5.445" classname="com.eDocs.TopicalProduct.TopicalName"/>
  <testcase name="NumericEmptyTest" time="3.100" classname="com.eDocs.TopicalProduct.TopicalName"/>
  <testcase name="NumericZEROTest" time="1.983" classname="com.eDocs.TopicalProduct.TopicalName"/>
  <testcase name="NumericMaxLengthTest" time="2.058" classname="com.eDocs.TopicalProduct.TopicalName"/>
  <testcase name="numericFieldAlphabetsCheckTest" time="2.052" classname="com.eDocs.TopicalProduct.TopicalName"/>
  <testcase name="numericSpaceCheckTest" time="2.055" classname="com.eDocs.TopicalProduct.TopicalName"/>
  <testcase name="numericMultiDecimalTest" time="2.043" classname="com.eDocs.TopicalProduct.TopicalName"/>
  <testcase name="ActiveEmpty" time="4.277" classname="com.eDocs.TopicalProduct.TopicalName"/>
  <testcase name="groupingCriteriaEmpty" time="4.933" classname="com.eDocs.TopicalProduct.TopicalName"/>
</testsuite> <!-- com.eDocs.TopicalProduct.TopicalName -->
