<?xml version="1.0" encoding="UTF-8"?>
<!-- Generated by org.testng.reporters.JUnitReportReporter -->
<testsuite skipped="0" hostname="ezs013" name="com.eDocs.Equipment.EquipmentNonMandatoryFields" tests="5" failures="0" timestamp="20 Aug 2018 09:54:05 GMT" time="22.184" errors="0">
  <testcase name="ModelMaxLengthTest" time="2.161" classname="com.eDocs.Equipment.EquipmentNonMandatoryFields"/>
  <testcase name="SerialNoMaxLengthTest" time="3.364" classname="com.eDocs.Equipment.EquipmentNonMandatoryFields"/>
  <testcase name="ManufacturerMaxLengthTest" time="2.251" classname="com.eDocs.Equipment.EquipmentNonMandatoryFields"/>
  <testcase name="SurfaceDataSourceMaxLengthTest" time="2.149" classname="com.eDocs.Equipment.EquipmentNonMandatoryFields"/>
  <testcase name="OtherCleaningInfoMaxLengthTest" time="12.259" classname="com.eDocs.Equipment.EquipmentNonMandatoryFields"/>
</testsuite> <!-- com.eDocs.Equipment.EquipmentNonMandatoryFields -->
