<?xml version="1.0" encoding="UTF-8"?>
<!-- Generated by org.testng.reporters.JUnitReportReporter -->
<testsuite skipped="0" hostname="ezs013" name="com.eDocs.email.SendMail" tests="1" failures="0" timestamp="17 Jul 2018 09:02:18 GMT" time="4.166" errors="0">
  <testcase name="execute" time="4.166" classname="com.eDocs.email.SendMail"/>
</testsuite> <!-- com.eDocs.email.SendMail -->
