<?xml version="1.0" encoding="UTF-8"?>
<!-- Generated by org.testng.reporters.JUnitReportReporter -->
<testsuite skipped="0" hostname="ezs013" name="com.eDocs.Test.Default" tests="1" failures="0" timestamp="26 Mar 2018 08:39:25 GMT" time="14.061" errors="0">
  <testcase name="UniversalSettings" time="14.061" classname="com.eDocs.Test.Default"/>
</testsuite> <!-- com.eDocs.Test.Default -->
