<?xml version="1.0" encoding="UTF-8"?>
<!-- Generated by org.testng.reporters.JUnitReportReporter -->
<testsuite skipped="0" hostname="ezs013" name="com.eDocs.API.HealthValue" tests="6" failures="0" timestamp="20 Aug 2018 09:54:05 GMT" time="13.397" errors="0">
  <testcase name="healthValEmpty" time="3.054" classname="com.eDocs.API.HealthValue"/>
  <testcase name="healthValZEROTest" time="1.980" classname="com.eDocs.API.HealthValue"/>
  <testcase name="healthValMaxLengthTest" time="2.073" classname="com.eDocs.API.HealthValue"/>
  <testcase name="healthValAlphabetsTest" time="2.098" classname="com.eDocs.API.HealthValue"/>
  <testcase name="healthValSpaceTest" time="2.062" classname="com.eDocs.API.HealthValue"/>
  <testcase name="healthValMultiDecimalTest" time="2.130" classname="com.eDocs.API.HealthValue"/>
</testsuite> <!-- com.eDocs.API.HealthValue -->
