<?xml version="1.0" encoding="UTF-8"?>
<!-- Generated by org.testng.reporters.JUnitReportReporter -->
<testsuite hostname="ezs013" name="test.NewTest" tests="1" failures="0" timestamp="5 Oct 2017 11:40:10 GMT" time="10.425" errors="0">
  <testcase name="f" time="10.425" classname="test.NewTest"/>
</testsuite> <!-- test.NewTest -->
