<?xml version="1.0" encoding="UTF-8"?>
<!-- Generated by org.testng.reporters.JUnitReportReporter -->
<testsuite skipped="0" hostname="ezs013" name="com.eDocs.SolidProduct.ProductMaxDailyDose" tests="6" failures="0" timestamp="20 Aug 2018 09:54:05 GMT" time="13.006" errors="0">
  <testcase name="NumericEmptyTest" time="2.675" classname="com.eDocs.SolidProduct.ProductMaxDailyDose"/>
  <testcase name="NumericZEROTest" time="1.998" classname="com.eDocs.SolidProduct.ProductMaxDailyDose"/>
  <testcase name="NumericMaxLengthTest" time="2.066" classname="com.eDocs.SolidProduct.ProductMaxDailyDose"/>
  <testcase name="numericFieldAlphabetsCheckTest" time="2.095" classname="com.eDocs.SolidProduct.ProductMaxDailyDose"/>
  <testcase name="numericSpaceCheckTest" time="2.083" classname="com.eDocs.SolidProduct.ProductMaxDailyDose"/>
  <testcase name="numericMultiDecimalTest" time="2.089" classname="com.eDocs.SolidProduct.ProductMaxDailyDose"/>
</testsuite> <!-- com.eDocs.SolidProduct.ProductMaxDailyDose -->
