<?xml version="1.0" encoding="UTF-8"?>
<!-- Generated by org.testng.reporters.JUnitReportReporter -->
<testsuite skipped="0" hostname="ezs013" name="com.eDocs.CommonValidation.NumericValidation" tests="7" failures="0" timestamp="26 May 2018 06:22:12 GMT" time="34.738" errors="0">
  <testcase name="Login" time="11.029" classname="com.eDocs.CommonValidation.NumericValidation"/>
  <testcase name="NumericEmptyTest" time="5.982" classname="com.eDocs.CommonValidation.NumericValidation"/>
  <testcase name="NumericZEROTest" time="4.038" classname="com.eDocs.CommonValidation.NumericValidation"/>
  <testcase name="NumericMaxLengthTest" time="3.497" classname="com.eDocs.CommonValidation.NumericValidation"/>
  <testcase name="numericFieldAlphabetsCheckTest" time="3.444" classname="com.eDocs.CommonValidation.NumericValidation"/>
  <testcase name="numericSpaceCheckTest" time="3.382" classname="com.eDocs.CommonValidation.NumericValidation"/>
  <testcase name="numericMultiDecimalTest" time="3.366" classname="com.eDocs.CommonValidation.NumericValidation"/>
</testsuite> <!-- com.eDocs.CommonValidation.NumericValidation -->
