<?xml version="1.0" encoding="UTF-8"?>
<!-- Generated by org.testng.reporters.JUnitReportReporter -->
<testsuite skipped="0" hostname="ezs013" name="com.eDocs.SolidProduct.ProductWorstCaseRating" tests="2" failures="0" timestamp="20 Aug 2018 09:54:05 GMT" time="5.179" errors="0">
  <testcase name="worstcaseRatingEmptyTest" time="3.155" classname="com.eDocs.SolidProduct.ProductWorstCaseRating"/>
  <testcase name="worstcaseRatingSelection" time="2.024" classname="com.eDocs.SolidProduct.ProductWorstCaseRating"/>
</testsuite> <!-- com.eDocs.SolidProduct.ProductWorstCaseRating -->
