<?xml version="1.0" encoding="UTF-8"?>
<!-- Generated by org.testng.reporters.JUnitReportReporter -->
<testsuite skipped="0" hostname="ezs013" name="com.eDocs.Test.Calculation" tests="1" failures="0" timestamp="29 Mar 2018 14:23:15 GMT" time="170.300" errors="0">
  <testcase name="test" time="170.300" classname="com.eDocs.Test.Calculation"/>
</testsuite> <!-- com.eDocs.Test.Calculation -->
