<?xml version="1.0" encoding="UTF-8"?>
<!-- Generated by org.testng.reporters.JUnitReportReporter -->
<testsuite skipped="0" hostname="ezs013" name="com.eDocs.Utility.UtilityCreate" tests="8" failures="0" timestamp="20 Aug 2018 09:54:05 GMT" time="40.933" errors="0">
  <testcase name="nameEmpty" time="9.814" classname="com.eDocs.Utility.UtilityCreate"/>
  <testcase name="nameMaxFieldLength" time="2.329" classname="com.eDocs.Utility.UtilityCreate"/>
  <testcase name="nameSpecialChar" time="2.210" classname="com.eDocs.Utility.UtilityCreate"/>
  <testcase name="nameBeginingSpaceCheck" time="2.702" classname="com.eDocs.Utility.UtilityCreate"/>
  <testcase name="locationNameEmpty" time="4.241" classname="com.eDocs.Utility.UtilityCreate"/>
  <testcase name="identificationNoEmpty" time="4.281" classname="com.eDocs.Utility.UtilityCreate"/>
  <testcase name="identificationNoMaxLength" time="2.958" classname="com.eDocs.Utility.UtilityCreate"/>
  <testcase name="utilitySave" time="12.398" classname="com.eDocs.Utility.UtilityCreate"/>
</testsuite> <!-- com.eDocs.Utility.UtilityCreate -->
