<?xml version="1.0" encoding="UTF-8"?>
<!-- Generated by org.testng.reporters.JUnitReportReporter -->
<testsuite skipped="0" hostname="ezs013" name="com.eDocs.Equipment.DeleteEquipment" tests="1" failures="0" timestamp="24 Jul 2018 11:28:35 GMT" time="8.215" errors="0">
  <testcase name="DeleteEquipment" time="8.215" classname="com.eDocs.Equipment.DeleteEquipment"/>
</testsuite> <!-- com.eDocs.Equipment.DeleteEquipment -->
