<?xml version="1.0" encoding="UTF-8"?>
<!-- Generated by org.testng.reporters.JUnitReportReporter -->
<testsuite skipped="0" hostname="ezs013" name="com.eDocs.SanityTesting.ReviewPolicy" tests="1" failures="0" timestamp="20 Apr 2018 05:08:57 GMT" time="19.965" errors="0">
  <testcase name="CreateReviewPolicy" time="19.965" classname="com.eDocs.SanityTesting.ReviewPolicy"/>
</testsuite> <!-- com.eDocs.SanityTesting.ReviewPolicy -->
