<?xml version="1.0" encoding="UTF-8"?>
<!-- Generated by org.testng.reporters.JUnitReportReporter -->
<testsuite skipped="0" hostname="ezs013" name="com.eDocs.Equipment.EquipmentName" tests="4" failures="0" timestamp="20 Aug 2018 09:54:05 GMT" time="17.638" errors="0">
  <testcase name="nameEmpty" time="10.506" classname="com.eDocs.Equipment.EquipmentName"/>
  <testcase name="nameMaxFieldLength" time="2.283" classname="com.eDocs.Equipment.EquipmentName"/>
  <testcase name="nameSpecialChar" time="2.132" classname="com.eDocs.Equipment.EquipmentName"/>
  <testcase name="nameBeginingSpaceCheck" time="2.717" classname="com.eDocs.Equipment.EquipmentName"/>
</testsuite> <!-- com.eDocs.Equipment.EquipmentName -->
