<?xml version="1.0" encoding="UTF-8"?>
<!-- Generated by org.testng.reporters.JUnitReportReporter -->
<testsuite skipped="0" hostname="ezs013" name="com.eDocs.EquipmentTrain.EquipmentTrainName" tests="4" failures="0" timestamp="20 Aug 2018 10:53:40 GMT" time="18.278" errors="0">
  <testcase name="nameEmpty" time="9.834" classname="com.eDocs.EquipmentTrain.EquipmentTrainName"/>
  <testcase name="nameMaxFieldLength" time="2.842" classname="com.eDocs.EquipmentTrain.EquipmentTrainName"/>
  <testcase name="nameSpecialChar" time="2.587" classname="com.eDocs.EquipmentTrain.EquipmentTrainName"/>
  <testcase name="nameBeginingSpaceCheck" time="3.015" classname="com.eDocs.EquipmentTrain.EquipmentTrainName"/>
</testsuite> <!-- com.eDocs.EquipmentTrain.EquipmentTrainName -->
