<?xml version="1.0" encoding="UTF-8"?>
<!-- Generated by org.testng.reporters.JUnitReportReporter -->
<testsuite skipped="0" hostname="ezs013" name="com.eDocs.TopicalProduct.TopicalDelete" tests="1" failures="0" timestamp="20 Aug 2018 09:54:05 GMT" time="8.830" errors="0">
  <testcase name="DeleteProduct" time="8.830" classname="com.eDocs.TopicalProduct.TopicalDelete"/>
</testsuite> <!-- com.eDocs.TopicalProduct.TopicalDelete -->
