<?xml version="1.0" encoding="UTF-8"?>
<!-- Generated by org.testng.reporters.JUnitReportReporter -->
<testsuite skipped="0" hostname="ezs013" name="com.eDocs.TopicalProduct.TopicalMaxAmountApplied" tests="5" failures="0" timestamp="20 Aug 2018 09:54:05 GMT" time="10.169" errors="0">
  <testcase name="maxAmountZEROTest" time="1.968" classname="com.eDocs.TopicalProduct.TopicalMaxAmountApplied"/>
  <testcase name="maxAmountMaxLengthTest" time="2.048" classname="com.eDocs.TopicalProduct.TopicalMaxAmountApplied"/>
  <testcase name="maxAmountAlphabetsTest" time="2.021" classname="com.eDocs.TopicalProduct.TopicalMaxAmountApplied"/>
  <testcase name="maxAmountSpaceTest" time="2.050" classname="com.eDocs.TopicalProduct.TopicalMaxAmountApplied"/>
  <testcase name="maxAmountMultiDecimalTest" time="2.082" classname="com.eDocs.TopicalProduct.TopicalMaxAmountApplied"/>
</testsuite> <!-- com.eDocs.TopicalProduct.TopicalMaxAmountApplied -->
