<?xml version="1.0" encoding="UTF-8"?>
<!-- Generated by org.testng.reporters.JUnitReportReporter -->
<testsuite skipped="0" hostname="ezs013" name="com.eResidue.Calculation.Default_Limit" tests="1" failures="0" timestamp="22 Jan 2018 13:17:14 GMT" time="24.165" errors="0">
  <testcase name="UniversalSettings" time="24.165" classname="com.eResidue.Calculation.Default_Limit"/>
</testsuite> <!-- com.eResidue.Calculation.Default_Limit -->
