<?xml version="1.0" encoding="UTF-8"?>
<!-- Generated by org.testng.reporters.JUnitReportReporter -->
<testsuite skipped="0" hostname="ezs013" name="com.eResidue.Equipment.Equipment_Name" tests="5" failures="0" timestamp="06 Dec 2017 12:02:26 GMT" time="45.093" errors="0">
  <testcase name="name_empty" time="22.400" classname="com.eResidue.Equipment.Equipment_Name"/>
  <testcase name="name_duplicate" time="8.278" classname="com.eResidue.Equipment.Equipment_Name"/>
  <testcase name="name_maxLength" time="5.037" classname="com.eResidue.Equipment.Equipment_Name"/>
  <testcase name="name_mandatory" time="5.043" classname="com.eResidue.Equipment.Equipment_Name"/>
  <testcase name="name_specialChar" time="4.335" classname="com.eResidue.Equipment.Equipment_Name"/>
</testsuite> <!-- com.eResidue.Equipment.Equipment_Name -->
