<?xml version="1.0" encoding="UTF-8"?>
<!-- Generated by org.testng.reporters.JUnitReportReporter -->
<testsuite skipped="0" hostname="ezs013" name="com.eDocs.PatchProduct.PatchEquipmentSelection" tests="3" failures="0" timestamp="20 Aug 2018 09:54:05 GMT" time="15.348" errors="0">
  <testcase name="EquipmentSetSelectionOptionEmpty" time="4.079" classname="com.eDocs.PatchProduct.PatchEquipmentSelection"/>
  <testcase name="EquipmentSetEmpty" time="4.913" classname="com.eDocs.PatchProduct.PatchEquipmentSelection"/>
  <testcase name="productSave" time="6.356" classname="com.eDocs.PatchProduct.PatchEquipmentSelection"/>
</testsuite> <!-- com.eDocs.PatchProduct.PatchEquipmentSelection -->
