<?xml version="1.0" encoding="UTF-8"?>
<!-- Generated by org.testng.reporters.JUnitReportReporter -->
<testsuite skipped="0" hostname="ezs013" name="com.eDocs.PatchProduct.PatchName" tests="12" failures="0" timestamp="20 Aug 2018 09:54:05 GMT" time="38.150" errors="0">
  <testcase name="nameEmpty" time="10.715" classname="com.eDocs.PatchProduct.PatchName"/>
  <testcase name="nameMaxFieldLength" time="2.264" classname="com.eDocs.PatchProduct.PatchName"/>
  <testcase name="nameSpecialChar" time="2.185" classname="com.eDocs.PatchProduct.PatchName"/>
  <testcase name="nameBeginingSpaceCheck" time="2.608" classname="com.eDocs.PatchProduct.PatchName"/>
  <testcase name="productIDMaxLength" time="2.165" classname="com.eDocs.PatchProduct.PatchName"/>
  <testcase name="ActiveEmpty" time="4.827" classname="com.eDocs.PatchProduct.PatchName"/>
  <testcase name="absorptionEmptyTest" time="3.118" classname="com.eDocs.PatchProduct.PatchName"/>
  <testcase name="absorptionZEROTest" time="2.007" classname="com.eDocs.PatchProduct.PatchName"/>
  <testcase name="absorptionMaxLengthTest" time="2.088" classname="com.eDocs.PatchProduct.PatchName"/>
  <testcase name="absorptionAlphabetsTest" time="2.033" classname="com.eDocs.PatchProduct.PatchName"/>
  <testcase name="absorptionSpaceTest" time="2.110" classname="com.eDocs.PatchProduct.PatchName"/>
  <testcase name="absorptionMultiDecimalTest" time="2.030" classname="com.eDocs.PatchProduct.PatchName"/>
</testsuite> <!-- com.eDocs.PatchProduct.PatchName -->
