<?xml version="1.0" encoding="UTF-8"?>
<!-- Generated by org.testng.reporters.JUnitReportReporter -->
<testsuite skipped="0" hostname="ezs013" name="com.eDocs.Equipment.EquipmentSegment" tests="11" failures="0" timestamp="20 Aug 2018 09:54:05 GMT" time="50.248" errors="0">
  <testcase name="segmentNamePinEmptyOREquipSaveTest" time="5.471" classname="com.eDocs.Equipment.EquipmentSegment"/>
  <testcase name="segmentNameEmptyTest" time="6.645" classname="com.eDocs.Equipment.EquipmentSegment"/>
  <testcase name="segmentNameMaxLengthTest" time="3.820" classname="com.eDocs.Equipment.EquipmentSegment"/>
  <testcase name="segmentSurfaceAreaEmptyTest" time="4.664" classname="com.eDocs.Equipment.EquipmentSegment"/>
  <testcase name="segmentSurfaceAreaZeroTest" time="3.594" classname="com.eDocs.Equipment.EquipmentSegment"/>
  <testcase name="segmentSurfaceAreaMaxLengthTest" time="3.696" classname="com.eDocs.Equipment.EquipmentSegment"/>
  <testcase name="segmentSurfaceAreaInvalidCharTest" time="3.664" classname="com.eDocs.Equipment.EquipmentSegment"/>
  <testcase name="segmentSurfaceAreaSpaceTest" time="3.664" classname="com.eDocs.Equipment.EquipmentSegment"/>
  <testcase name="segmentSurfaceAreaMultiDecimalTest" time="3.688" classname="com.eDocs.Equipment.EquipmentSegment"/>
  <testcase name="segmentlocationTest" time="6.463" classname="com.eDocs.Equipment.EquipmentSegment"/>
  <testcase name="equipmentIFCustomFieldorSAVETest" time="4.879" classname="com.eDocs.Equipment.EquipmentSegment"/>
</testsuite> <!-- com.eDocs.Equipment.EquipmentSegment -->
