<?xml version="1.0" encoding="UTF-8"?>
<!-- Generated by org.testng.reporters.JUnitReportReporter -->
<testsuite skipped="0" hostname="ezs013" name="com.eDocs.residueCalculation.NewTest" tests="1" failures="0" timestamp="11 May 2018 10:23:53 GMT" time="0.297" errors="0">
  <testcase name="test" time="0.297" classname="com.eDocs.residueCalculation.NewTest"/>
</testsuite> <!-- com.eDocs.residueCalculation.NewTest -->
