<?xml version="1.0" encoding="UTF-8"?>
<!-- Generated by org.testng.reporters.JUnitReportReporter -->
<testsuite skipped="0" hostname="ezs013" name="com.eDocs.SolidProduct.ProductBasisofCalculation" tests="21" failures="0" timestamp="20 Aug 2018 09:54:05 GMT" time="48.322" errors="0">
  <testcase name="MinDDEmptyTest" time="4.290" classname="com.eDocs.SolidProduct.ProductBasisofCalculation"/>
  <testcase name="MinDDZEROTest" time="1.968" classname="com.eDocs.SolidProduct.ProductBasisofCalculation"/>
  <testcase name="MinDDMaxLengthTest" time="2.079" classname="com.eDocs.SolidProduct.ProductBasisofCalculation"/>
  <testcase name="MinDDAlphabetsTest" time="2.063" classname="com.eDocs.SolidProduct.ProductBasisofCalculation"/>
  <testcase name="MinDDSpaceTest" time="2.086" classname="com.eDocs.SolidProduct.ProductBasisofCalculation"/>
  <testcase name="MinDDMultiDecimalTest" time="2.084" classname="com.eDocs.SolidProduct.ProductBasisofCalculation"/>
  <testcase name="ActiveConcenZEROTest" time="2.023" classname="com.eDocs.SolidProduct.ProductBasisofCalculation"/>
  <testcase name="ActiveConcenMaxLengthTest" time="2.095" classname="com.eDocs.SolidProduct.ProductBasisofCalculation"/>
  <testcase name="ActiveConcenAlphabetsTest" time="2.042" classname="com.eDocs.SolidProduct.ProductBasisofCalculation"/>
  <testcase name="ActiveConcenSpaceTest" time="2.062" classname="com.eDocs.SolidProduct.ProductBasisofCalculation"/>
  <testcase name="ActiveConcenMultiDecimalTest" time="2.125" classname="com.eDocs.SolidProduct.ProductBasisofCalculation"/>
  <testcase name="DoseofActiveZEROTest" time="2.031" classname="com.eDocs.SolidProduct.ProductBasisofCalculation"/>
  <testcase name="DoseofActiveMaxLengthTest" time="2.400" classname="com.eDocs.SolidProduct.ProductBasisofCalculation"/>
  <testcase name="DoseofActiveAlphabetsTest" time="2.062" classname="com.eDocs.SolidProduct.ProductBasisofCalculation"/>
  <testcase name="DoseofActiveSpaceTest" time="2.040" classname="com.eDocs.SolidProduct.ProductBasisofCalculation"/>
  <testcase name="DoseofActiveMultiDecimalTest" time="2.103" classname="com.eDocs.SolidProduct.ProductBasisofCalculation"/>
  <testcase name="MinnoofDoseZEROTest" time="2.033" classname="com.eDocs.SolidProduct.ProductBasisofCalculation"/>
  <testcase name="MinnoofDoseMaxLengthTest" time="2.131" classname="com.eDocs.SolidProduct.ProductBasisofCalculation"/>
  <testcase name="MinnoofDoseAlphabetsTest" time="2.053" classname="com.eDocs.SolidProduct.ProductBasisofCalculation"/>
  <testcase name="MinnoofDoseSpaceTest" time="2.088" classname="com.eDocs.SolidProduct.ProductBasisofCalculation"/>
  <testcase name="MinnoofDoseMultiDecimalTest" time="4.464" classname="com.eDocs.SolidProduct.ProductBasisofCalculation"/>
</testsuite> <!-- com.eDocs.SolidProduct.ProductBasisofCalculation -->
