<?xml version="1.0" encoding="UTF-8"?>
<!-- Generated by org.testng.reporters.JUnitReportReporter -->
<testsuite hostname="ezs013" name="com.eResidue.email.SendMail" tests="1" failures="0" timestamp="6 Oct 2017 06:36:25 GMT" time="3.894" errors="0">
  <testcase name="execute" time="3.894" classname="com.eResidue.email.SendMail"/>
</testsuite> <!-- com.eResidue.email.SendMail -->
