<?xml version="1.0" encoding="UTF-8"?>
<!-- Generated by org.testng.reporters.JUnitReportReporter -->
<testsuite skipped="0" hostname="ezs013" name="com.eDocs.Calculation.microbialCalculation" tests="1" failures="0" timestamp="16 Mar 2018 14:04:42 GMT" time="55.569" errors="0">
  <testcase name="test" time="55.569" classname="com.eDocs.Calculation.microbialCalculation"/>
</testsuite> <!-- com.eDocs.Calculation.microbialCalculation -->
