<?xml version="1.0" encoding="UTF-8"?>
<!-- Generated by org.testng.reporters.JUnitReportReporter -->
<testsuite skipped="0" hostname="ezs013" name="com.eDocs.Product.ProductBioBurden" tests="5" failures="0" timestamp="31 Jul 2018 08:33:03 GMT" time="5.606" errors="0">
  <testcase name="NumericZEROTest" time="0.539" classname="com.eDocs.Product.ProductBioBurden"/>
  <testcase name="NumericMaxLengthTest" time="0.364" classname="com.eDocs.Product.ProductBioBurden"/>
  <testcase name="numericFieldAlphabetsCheckTest" time="0.349" classname="com.eDocs.Product.ProductBioBurden"/>
  <testcase name="numericSpaceCheckTest" time="0.339" classname="com.eDocs.Product.ProductBioBurden"/>
  <testcase name="numericMultiDecimalTest" time="4.015" classname="com.eDocs.Product.ProductBioBurden"/>
</testsuite> <!-- com.eDocs.Product.ProductBioBurden -->
