<?xml version="1.0" encoding="UTF-8"?>
<!-- Generated by org.testng.reporters.JUnitReportReporter -->
<testsuite skipped="0" hostname="ezs013" name="com.eDocs.TopicalProduct.TopicalEquipmentSelection" tests="3" failures="0" timestamp="20 Aug 2018 09:54:05 GMT" time="15.466" errors="0">
  <testcase name="EquipmentSetSelectionOptionEmpty" time="4.078" classname="com.eDocs.TopicalProduct.TopicalEquipmentSelection"/>
  <testcase name="EquipmentSetEmpty" time="4.918" classname="com.eDocs.TopicalProduct.TopicalEquipmentSelection"/>
  <testcase name="productSave" time="6.470" classname="com.eDocs.TopicalProduct.TopicalEquipmentSelection"/>
</testsuite> <!-- com.eDocs.TopicalProduct.TopicalEquipmentSelection -->
