<?xml version="1.0" encoding="UTF-8"?>
<!-- Generated by org.testng.reporters.JUnitReportReporter -->
<testsuite skipped="0" hostname="ezs013" name="com.eDocs.SolidProduct.ProductDose" tests="6" failures="0" timestamp="20 Aug 2018 09:54:05 GMT" time="13.332" errors="0">
  <testcase name="productDoseEmpty" time="3.074" classname="com.eDocs.SolidProduct.ProductDose"/>
  <testcase name="productDoseZERO" time="1.986" classname="com.eDocs.SolidProduct.ProductDose"/>
  <testcase name="productDoseMaxLength" time="2.088" classname="com.eDocs.SolidProduct.ProductDose"/>
  <testcase name="productDoseAlphabetsTest" time="2.018" classname="com.eDocs.SolidProduct.ProductDose"/>
  <testcase name="productDoseSpaceTest" time="2.064" classname="com.eDocs.SolidProduct.ProductDose"/>
  <testcase name="productDoseMultiDecimalTest" time="2.102" classname="com.eDocs.SolidProduct.ProductDose"/>
</testsuite> <!-- com.eDocs.SolidProduct.ProductDose -->
