<?xml version="1.0" encoding="UTF-8"?>
<!-- Generated by org.testng.reporters.JUnitReportReporter -->
<testsuite skipped="0" hostname="ezs013" name="com.eDocs.Equipment.EquipmentMinimumBatch" tests="6" failures="0" timestamp="20 Aug 2018 09:54:05 GMT" time="13.043" errors="0">
  <testcase name="NumericEmptyTest" time="2.687" classname="com.eDocs.Equipment.EquipmentMinimumBatch"/>
  <testcase name="NumericZEROTest" time="1.994" classname="com.eDocs.Equipment.EquipmentMinimumBatch"/>
  <testcase name="NumericMaxLengthTest" time="2.083" classname="com.eDocs.Equipment.EquipmentMinimumBatch"/>
  <testcase name="numericFieldAlphabetsCheckTest" time="2.129" classname="com.eDocs.Equipment.EquipmentMinimumBatch"/>
  <testcase name="numericSpaceCheckTest" time="2.110" classname="com.eDocs.Equipment.EquipmentMinimumBatch"/>
  <testcase name="numericMultiDecimalTest" time="2.040" classname="com.eDocs.Equipment.EquipmentMinimumBatch"/>
</testsuite> <!-- com.eDocs.Equipment.EquipmentMinimumBatch -->
