<?xml version="1.0" encoding="UTF-8"?>
<!-- Generated by org.testng.reporters.JUnitReportReporter -->
<testsuite skipped="0" hostname="ezs013" name="com.eDocs.TopicalProduct.TopicalMaxDailyDose" tests="6" failures="0" timestamp="20 Aug 2018 09:54:05 GMT" time="13.234" errors="0">
  <testcase name="NumericEmptyTest" time="3.054" classname="com.eDocs.TopicalProduct.TopicalMaxDailyDose"/>
  <testcase name="NumericZEROTest" time="2.026" classname="com.eDocs.TopicalProduct.TopicalMaxDailyDose"/>
  <testcase name="NumericMaxLengthTest" time="2.124" classname="com.eDocs.TopicalProduct.TopicalMaxDailyDose"/>
  <testcase name="numericFieldAlphabetsCheckTest" time="1.988" classname="com.eDocs.TopicalProduct.TopicalMaxDailyDose"/>
  <testcase name="numericSpaceCheckTest" time="2.039" classname="com.eDocs.TopicalProduct.TopicalMaxDailyDose"/>
  <testcase name="numericMultiDecimalTest" time="2.003" classname="com.eDocs.TopicalProduct.TopicalMaxDailyDose"/>
</testsuite> <!-- com.eDocs.TopicalProduct.TopicalMaxDailyDose -->
