<?xml version="1.0" encoding="UTF-8"?>
<!-- Generated by org.testng.reporters.JUnitReportReporter -->
<testsuite skipped="0" hostname="ezs013" name="evaluateCalculation.EvaluateResidueCalculation" tests="1" failures="0" timestamp="12 Jun 2018 06:09:21 GMT" time="72.555" errors="0">
  <testcase name="test" time="72.555" classname="evaluateCalculation.EvaluateResidueCalculation"/>
</testsuite> <!-- evaluateCalculation.EvaluateResidueCalculation -->
