<?xml version="1.0" encoding="UTF-8"?>
<!-- Generated by org.testng.reporters.JUnitReportReporter -->
<testsuite skipped="0" hostname="ezs013" name="com.eDocs.TopicalProduct.TopicalBasisofCalculation" tests="21" failures="0" timestamp="20 Aug 2018 09:54:05 GMT" time="47.045" errors="0">
  <testcase name="MinDDEmptyTest" time="4.174" classname="com.eDocs.TopicalProduct.TopicalBasisofCalculation"/>
  <testcase name="MinDDZEROTest" time="1.964" classname="com.eDocs.TopicalProduct.TopicalBasisofCalculation"/>
  <testcase name="MinDDMaxLengthTest" time="2.081" classname="com.eDocs.TopicalProduct.TopicalBasisofCalculation"/>
  <testcase name="MinDDAlphabetsTest" time="2.015" classname="com.eDocs.TopicalProduct.TopicalBasisofCalculation"/>
  <testcase name="MinDDSpaceTest" time="2.131" classname="com.eDocs.TopicalProduct.TopicalBasisofCalculation"/>
  <testcase name="MinDDMultiDecimalTest" time="2.055" classname="com.eDocs.TopicalProduct.TopicalBasisofCalculation"/>
  <testcase name="minAmountAppZEROTest" time="1.979" classname="com.eDocs.TopicalProduct.TopicalBasisofCalculation"/>
  <testcase name="minAmountAppMaxLengthTest" time="2.105" classname="com.eDocs.TopicalProduct.TopicalBasisofCalculation"/>
  <testcase name="minAmountAppAlphabetsTest" time="2.020" classname="com.eDocs.TopicalProduct.TopicalBasisofCalculation"/>
  <testcase name="minAmountAppSpaceTest" time="2.034" classname="com.eDocs.TopicalProduct.TopicalBasisofCalculation"/>
  <testcase name="minAmountAppMultiDecimalTest" time="2.060" classname="com.eDocs.TopicalProduct.TopicalBasisofCalculation"/>
  <testcase name="DoseofActiveZEROTest" time="2.005" classname="com.eDocs.TopicalProduct.TopicalBasisofCalculation"/>
  <testcase name="DoseofActiveMaxLengthTest" time="2.100" classname="com.eDocs.TopicalProduct.TopicalBasisofCalculation"/>
  <testcase name="DoseofActiveAlphabetsTest" time="2.039" classname="com.eDocs.TopicalProduct.TopicalBasisofCalculation"/>
  <testcase name="DoseofActiveSpaceTest" time="2.113" classname="com.eDocs.TopicalProduct.TopicalBasisofCalculation"/>
  <testcase name="DoseofActiveMultiDecimalTest" time="2.075" classname="com.eDocs.TopicalProduct.TopicalBasisofCalculation"/>
  <testcase name="activeConcenZEROTest" time="1.991" classname="com.eDocs.TopicalProduct.TopicalBasisofCalculation"/>
  <testcase name="activeConcenMaxLengthTest" time="2.091" classname="com.eDocs.TopicalProduct.TopicalBasisofCalculation"/>
  <testcase name="activeConcenAlphabetsTest" time="2.052" classname="com.eDocs.TopicalProduct.TopicalBasisofCalculation"/>
  <testcase name="activeConcenSpaceTest" time="2.056" classname="com.eDocs.TopicalProduct.TopicalBasisofCalculation"/>
  <testcase name="activeConcenMultiDecimalTest" time="3.905" classname="com.eDocs.TopicalProduct.TopicalBasisofCalculation"/>
</testsuite> <!-- com.eDocs.TopicalProduct.TopicalBasisofCalculation -->
