<?xml version="1.0" encoding="UTF-8"?>
<!-- Generated by org.testng.reporters.JUnitReportReporter -->
<testsuite skipped="0" hostname="ezs013" name="com.eDocs.SolidProduct.ProductBioBurden" tests="4" failures="0" timestamp="20 Aug 2018 09:54:05 GMT" time="3.191" errors="0">
  <testcase name="NumericMaxLengthTest" time="2.027" classname="com.eDocs.SolidProduct.ProductBioBurden"/>
  <testcase name="numericFieldAlphabetsCheckTest" time="0.459" classname="com.eDocs.SolidProduct.ProductBioBurden"/>
  <testcase name="numericSpaceCheckTest" time="0.344" classname="com.eDocs.SolidProduct.ProductBioBurden"/>
  <testcase name="numericMultiDecimalTest" time="0.361" classname="com.eDocs.SolidProduct.ProductBioBurden"/>
</testsuite> <!-- com.eDocs.SolidProduct.ProductBioBurden -->
