<?xml version="1.0" encoding="UTF-8"?>
<!-- Generated by org.testng.reporters.JUnitReportReporter -->
<testsuite skipped="0" hostname="ezs013" name="com.eDocs.SanityTesting.ResidueLimit" tests="2" failures="0" timestamp="12 Apr 2018 14:01:22 GMT" time="11.283" errors="0">
  <testcase name="Login" time="3.944" classname="com.eDocs.SanityTesting.ResidueLimit"/>
  <testcase name="ResidueLimitSAVE" time="7.339" classname="com.eDocs.SanityTesting.ResidueLimit"/>
</testsuite> <!-- com.eDocs.SanityTesting.ResidueLimit -->
