<?xml version="1.0" encoding="UTF-8"?>
<!-- Generated by org.testng.reporters.JUnitReportReporter -->
<testsuite skipped="0" hostname="ezs013" name="com.eDocs.Product.ProductMaxDose" tests="5" failures="0" timestamp="31 Jul 2018 08:33:03 GMT" time="18.091" errors="0">
  <testcase name="NumericZEROTest" time="2.985" classname="com.eDocs.Product.ProductMaxDose"/>
  <testcase name="NumericMaxLengthTest" time="3.625" classname="com.eDocs.Product.ProductMaxDose"/>
  <testcase name="numericFieldAlphabetsCheckTest" time="3.645" classname="com.eDocs.Product.ProductMaxDose"/>
  <testcase name="numericSpaceCheckTest" time="3.640" classname="com.eDocs.Product.ProductMaxDose"/>
  <testcase name="numericMultiDecimalTest" time="4.196" classname="com.eDocs.Product.ProductMaxDose"/>
</testsuite> <!-- com.eDocs.Product.ProductMaxDose -->
