<?xml version="1.0" encoding="UTF-8"?>
<!-- Generated by org.testng.reporters.JUnitReportReporter -->
<testsuite skipped="0" hostname="ezs013" name="com.eDocs.PatchProduct.PacthMaxnoofPatchWorn" tests="5" failures="0" timestamp="20 Aug 2018 09:54:05 GMT" time="10.977" errors="0">
  <testcase name="maxPachWornSFZEROTest" time="2.070" classname="com.eDocs.PatchProduct.PacthMaxnoofPatchWorn"/>
  <testcase name="maxPachWornMaxLengthTest" time="2.063" classname="com.eDocs.PatchProduct.PacthMaxnoofPatchWorn"/>
  <testcase name="maxPachWornAlphabetsTest" time="2.076" classname="com.eDocs.PatchProduct.PacthMaxnoofPatchWorn"/>
  <testcase name="maxPachWornSpaceTest" time="2.151" classname="com.eDocs.PatchProduct.PacthMaxnoofPatchWorn"/>
  <testcase name="maxPachWornMultiDecimalTest" time="2.617" classname="com.eDocs.PatchProduct.PacthMaxnoofPatchWorn"/>
</testsuite> <!-- com.eDocs.PatchProduct.PacthMaxnoofPatchWorn -->
