<?xml version="1.0" encoding="UTF-8"?>
<!-- Generated by org.testng.reporters.JUnitReportReporter -->
<testsuite skipped="0" hostname="ezs013" name="com.eDocs.SolidProduct.ProductMinBatch" tests="6" failures="0" timestamp="20 Aug 2018 09:54:05 GMT" time="13.043" errors="0">
  <testcase name="NumericEmptyTest" time="2.651" classname="com.eDocs.SolidProduct.ProductMinBatch"/>
  <testcase name="NumericZEROTest" time="1.997" classname="com.eDocs.SolidProduct.ProductMinBatch"/>
  <testcase name="NumericMaxLengthTest" time="2.176" classname="com.eDocs.SolidProduct.ProductMinBatch"/>
  <testcase name="numericFieldAlphabetsCheckTest" time="2.025" classname="com.eDocs.SolidProduct.ProductMinBatch"/>
  <testcase name="numericSpaceCheckTest" time="2.047" classname="com.eDocs.SolidProduct.ProductMinBatch"/>
  <testcase name="numericMultiDecimalTest" time="2.147" classname="com.eDocs.SolidProduct.ProductMinBatch"/>
</testsuite> <!-- com.eDocs.SolidProduct.ProductMinBatch -->
