<?xml version="1.0" encoding="UTF-8"?>
<!-- Generated by org.testng.reporters.JUnitReportReporter -->
<testsuite skipped="0" hostname="ezs013" name="com.eDocs.DMS.DmsCreate" tests="11" failures="0" timestamp="20 Aug 2018 09:54:05 GMT" time="47.707" errors="0">
  <testcase name="nameEmpty" time="12.729" classname="com.eDocs.DMS.DmsCreate"/>
  <testcase name="nameMaxFieldLength" time="2.767" classname="com.eDocs.DMS.DmsCreate"/>
  <testcase name="nameSpecialChar" time="2.545" classname="com.eDocs.DMS.DmsCreate"/>
  <testcase name="nameBeginingSpaceCheck" time="3.045" classname="com.eDocs.DMS.DmsCreate"/>
  <testcase name="documentTypeEmpty" time="4.458" classname="com.eDocs.DMS.DmsCreate"/>
  <testcase name="documentIDEmpty" time="4.370" classname="com.eDocs.DMS.DmsCreate"/>
  <testcase name="documentIDMaxFieldLength" time="2.389" classname="com.eDocs.DMS.DmsCreate"/>
  <testcase name="ducumentIDSpaceatBegining" time="2.859" classname="com.eDocs.DMS.DmsCreate"/>
  <testcase name="moduleEmpty" time="4.417" classname="com.eDocs.DMS.DmsCreate"/>
  <testcase name="uploadDocEmpty" time="4.182" classname="com.eDocs.DMS.DmsCreate"/>
  <testcase name="documentSave" time="3.946" classname="com.eDocs.DMS.DmsCreate"/>
</testsuite> <!-- com.eDocs.DMS.DmsCreate -->
