<?xml version="1.0" encoding="UTF-8"?>
<!-- Generated by org.testng.reporters.JUnitReportReporter -->
<testsuite skipped="0" hostname="ezs013" name="com.eDocs.SolidProduct.ProductName" tests="12" failures="0" timestamp="20 Aug 2018 09:54:05 GMT" time="51.630" errors="0">
  <testcase name="nameEmpty" time="10.643" classname="com.eDocs.SolidProduct.ProductName"/>
  <testcase name="nameMaxFieldLength" time="2.221" classname="com.eDocs.SolidProduct.ProductName"/>
  <testcase name="nameSpecialChar" time="2.114" classname="com.eDocs.SolidProduct.ProductName"/>
  <testcase name="nameBeginingSpaceCheck" time="2.629" classname="com.eDocs.SolidProduct.ProductName"/>
  <testcase name="productIDMaxLength" time="2.252" classname="com.eDocs.SolidProduct.ProductName"/>
  <testcase name="finishedDosageFormEmpty" time="4.088" classname="com.eDocs.SolidProduct.ProductName"/>
  <testcase name="finishedDosageFormCREATEEmpty" time="5.338" classname="com.eDocs.SolidProduct.ProductName"/>
  <testcase name="finishedDosageFormDuplicate" time="4.713" classname="com.eDocs.SolidProduct.ProductName"/>
  <testcase name="finishedDosageFormCREATEMaxLength" time="2.818" classname="com.eDocs.SolidProduct.ProductName"/>
  <testcase name="finishedDosageFormCREATESuccess" time="4.666" classname="com.eDocs.SolidProduct.ProductName"/>
  <testcase name="finishedDosageFormDeleteSuccess" time="5.420" classname="com.eDocs.SolidProduct.ProductName"/>
  <testcase name="ActiveEmpty" time="4.728" classname="com.eDocs.SolidProduct.ProductName"/>
</testsuite> <!-- com.eDocs.SolidProduct.ProductName -->
