<?xml version="1.0" encoding="UTF-8"?>
<!-- Generated by org.testng.reporters.JUnitReportReporter -->
<testsuite skipped="0" hostname="ezs013" name="com.eDocs.Calculation.L0ProductTypes" tests="1" failures="0" timestamp="19 Mar 2018 12:06:59 GMT" time="0.272" errors="0">
  <testcase name="exeL0" time="0.272" classname="com.eDocs.Calculation.L0ProductTypes"/>
</testsuite> <!-- com.eDocs.Calculation.L0ProductTypes -->
