<?xml version="1.0" encoding="UTF-8"?>
<!-- Generated by org.testng.reporters.JUnitReportReporter -->
<testsuite skipped="0" hostname="ezs013" name="com.eDocs.residueCalculation.SurfaceAreaValue" tests="1" failures="0" timestamp="03 May 2018 06:55:05 GMT" time="0.358" errors="0">
  <testcase name="test" time="0.358" classname="com.eDocs.residueCalculation.SurfaceAreaValue"/>
</testsuite> <!-- com.eDocs.residueCalculation.SurfaceAreaValue -->
