<?xml version="1.0" encoding="UTF-8"?>
<!-- Generated by org.testng.reporters.JUnitReportReporter -->
<testsuite skipped="0" hostname="ezs013" name="com.eDocs.Equipment.Equipment_Name" tests="6" failures="0" timestamp="25 May 2018 11:27:38 GMT" time="26.779" errors="0">
  <testcase name="Login" time="4.101" classname="com.eDocs.Equipment.Equipment_Name"/>
  <testcase name="nameEmpty" time="6.641" classname="com.eDocs.Equipment.Equipment_Name"/>
  <testcase name="nameDuplicate" time="5.289" classname="com.eDocs.Equipment.Equipment_Name"/>
  <testcase name="nameMaxFieldLength" time="3.818" classname="com.eDocs.Equipment.Equipment_Name"/>
  <testcase name="nameSpecialChar" time="3.497" classname="com.eDocs.Equipment.Equipment_Name"/>
  <testcase name="nameBeginingSpaceCheck" time="3.433" classname="com.eDocs.Equipment.Equipment_Name"/>
</testsuite> <!-- com.eDocs.Equipment.Equipment_Name -->
