<?xml version="1.0" encoding="UTF-8"?>
<!-- Generated by org.testng.reporters.JUnitReportReporter -->
<testsuite skipped="0" hostname="ezs013" name="com.eDocs.Equipment.EquipmentCopy" tests="3" failures="0" timestamp="20 Aug 2018 09:54:05 GMT" time="50.915" errors="0">
  <testcase name="CopyEquipment" time="13.900" classname="com.eDocs.Equipment.EquipmentCopy"/>
  <testcase name="CopyEquipment" time="16.777" classname="com.eDocs.Equipment.EquipmentCopy"/>
  <testcase name="CopyEquipment" time="20.238" classname="com.eDocs.Equipment.EquipmentCopy"/>
</testsuite> <!-- com.eDocs.Equipment.EquipmentCopy -->
