<?xml version="1.0" encoding="UTF-8"?>
<!-- Generated by org.testng.reporters.JUnitReportReporter -->
<testsuite skipped="0" hostname="ezs013" name="com.eDocs.EquipmentGroup.EquipmentGroupOtherFields" tests="9" failures="0" timestamp="20 Aug 2018 09:02:28 GMT" time="49.383" errors="0">
  <testcase name="Emptyfeature" time="5.450" classname="com.eDocs.EquipmentGroup.EquipmentGroupOtherFields"/>
  <testcase name="EmptyEquipmentSelection" time="4.529" classname="com.eDocs.EquipmentGroup.EquipmentGroupOtherFields"/>
  <testcase name="singleEquipmentSelection" time="9.227" classname="com.eDocs.EquipmentGroup.EquipmentGroupOtherFields"/>
  <testcase name="EmptyNoofRuns" time="5.737" classname="com.eDocs.EquipmentGroup.EquipmentGroupOtherFields"/>
  <testcase name="EmptyProtocolDocID" time="5.737" classname="com.eDocs.EquipmentGroup.EquipmentGroupOtherFields"/>
  <testcase name="reportIDMaxLength" time="3.227" classname="com.eDocs.EquipmentGroup.EquipmentGroupOtherFields"/>
  <testcase name="worstcaseProductEmpty" time="5.103" classname="com.eDocs.EquipmentGroup.EquipmentGroupOtherFields"/>
  <testcase name="LessthanONENoofRuns" time="5.185" classname="com.eDocs.EquipmentGroup.EquipmentGroupOtherFields"/>
  <testcase name="saveEquipmentGroup" time="5.188" classname="com.eDocs.EquipmentGroup.EquipmentGroupOtherFields"/>
</testsuite> <!-- com.eDocs.EquipmentGroup.EquipmentGroupOtherFields -->
