<?xml version="1.0" encoding="UTF-8"?>
<!-- Generated by org.testng.reporters.JUnitReportReporter -->
<testsuite skipped="0" hostname="ezs013" name="com.eDocs.TopicalProduct.TopicalMinBatch" tests="6" failures="0" timestamp="20 Aug 2018 09:54:05 GMT" time="12.879" errors="0">
  <testcase name="minBatchEmptyTest" time="2.684" classname="com.eDocs.TopicalProduct.TopicalMinBatch"/>
  <testcase name="minBatchZEROTest" time="1.974" classname="com.eDocs.TopicalProduct.TopicalMinBatch"/>
  <testcase name="minBatchMaxLengthTest" time="2.078" classname="com.eDocs.TopicalProduct.TopicalMinBatch"/>
  <testcase name="minBatchAlphabetsTest" time="2.014" classname="com.eDocs.TopicalProduct.TopicalMinBatch"/>
  <testcase name="minBatchSpaceTest" time="2.038" classname="com.eDocs.TopicalProduct.TopicalMinBatch"/>
  <testcase name="minBatchMultiDecimalTest" time="2.091" classname="com.eDocs.TopicalProduct.TopicalMinBatch"/>
</testsuite> <!-- com.eDocs.TopicalProduct.TopicalMinBatch -->
