<?xml version="1.0" encoding="UTF-8"?>
<!-- Generated by org.testng.reporters.JUnitReportReporter -->
<testsuite skipped="0" hostname="ezs013" name="com.eDocs.Equipment.EquipmentPrefTransfr" tests="9" failures="0" timestamp="20 Aug 2018 09:54:05 GMT" time="24.026" errors="0">
  <testcase name="EqupmentPrefTransferEmptyTest" time="2.729" classname="com.eDocs.Equipment.EquipmentPrefTransfr"/>
  <testcase name="EqupmentPrefTransferNo" time="4.053" classname="com.eDocs.Equipment.EquipmentPrefTransfr"/>
  <testcase name="EqupmentPrefTransferYes" time="2.636" classname="com.eDocs.Equipment.EquipmentPrefTransfr"/>
  <testcase name="NumericEmptyTest" time="3.074" classname="com.eDocs.Equipment.EquipmentPrefTransfr"/>
  <testcase name="NumericZEROTest" time="2.020" classname="com.eDocs.Equipment.EquipmentPrefTransfr"/>
  <testcase name="NumericMaxLengthTest" time="2.147" classname="com.eDocs.Equipment.EquipmentPrefTransfr"/>
  <testcase name="numericFieldAlphabetsCheckTest" time="2.063" classname="com.eDocs.Equipment.EquipmentPrefTransfr"/>
  <testcase name="numericSpaceCheckTest" time="2.096" classname="com.eDocs.Equipment.EquipmentPrefTransfr"/>
  <testcase name="numericMultiDecimalTest" time="3.208" classname="com.eDocs.Equipment.EquipmentPrefTransfr"/>
</testsuite> <!-- com.eDocs.Equipment.EquipmentPrefTransfr -->
