<?xml version="1.0" encoding="UTF-8"?>
<!-- Generated by org.testng.reporters.JUnitReportReporter -->
<testsuite skipped="0" hostname="ezs013" name="com.eDocs.PatchProduct.PatchMaxDailyDose" tests="6" failures="0" timestamp="20 Aug 2018 09:54:05 GMT" time="13.048" errors="0">
  <testcase name="maxDDEmptyTest" time="2.632" classname="com.eDocs.PatchProduct.PatchMaxDailyDose"/>
  <testcase name="maxDDZEROTest" time="2.028" classname="com.eDocs.PatchProduct.PatchMaxDailyDose"/>
  <testcase name="maxDDMaxLengthTest" time="2.079" classname="com.eDocs.PatchProduct.PatchMaxDailyDose"/>
  <testcase name="maxDDAlphabetsTest" time="2.070" classname="com.eDocs.PatchProduct.PatchMaxDailyDose"/>
  <testcase name="maxDDSpaceTest" time="2.129" classname="com.eDocs.PatchProduct.PatchMaxDailyDose"/>
  <testcase name="maxDDMultiDecimalTest" time="2.110" classname="com.eDocs.PatchProduct.PatchMaxDailyDose"/>
</testsuite> <!-- com.eDocs.PatchProduct.PatchMaxDailyDose -->
