<?xml version="1.0" encoding="UTF-8"?>
<!-- Generated by org.testng.reporters.JUnitReportReporter -->
<testsuite skipped="0" hostname="ezs013" name="com.eDocs.Equipment.EquipmentRiskAssessment" tests="2" failures="0" timestamp="20 Aug 2018 09:54:05 GMT" time="10.845" errors="0">
  <testcase name="RiskLocationEmptyTest" time="5.451" classname="com.eDocs.Equipment.EquipmentRiskAssessment"/>
  <testcase name="RiskLocationMaxLengthTest" time="5.394" classname="com.eDocs.Equipment.EquipmentRiskAssessment"/>
</testsuite> <!-- com.eDocs.Equipment.EquipmentRiskAssessment -->
