<?xml version="1.0" encoding="UTF-8"?>
<!-- Generated by org.testng.reporters.JUnitReportReporter -->
<testsuite skipped="0" hostname="ezs013" name="com.eDocs.TopicalProduct.TopicalWorstCaseRating" tests="2" failures="0" timestamp="20 Aug 2018 09:54:05 GMT" time="6.066" errors="0">
  <testcase name="worstcaseRatingEmptyTest" time="4.080" classname="com.eDocs.TopicalProduct.TopicalWorstCaseRating"/>
  <testcase name="worstcaseRatingSelection" time="1.986" classname="com.eDocs.TopicalProduct.TopicalWorstCaseRating"/>
</testsuite> <!-- com.eDocs.TopicalProduct.TopicalWorstCaseRating -->
