<?xml version="1.0" encoding="UTF-8"?>
<!-- Generated by org.testng.reporters.JUnitReportReporter -->
<testsuite skipped="0" hostname="ezs013" name="com.eDocs.microbialCalculation.MicrobialCalculation" tests="1" failures="0" timestamp="20 Aug 2018 12:45:45 GMT" time="5.578" errors="0">
  <testcase name="test" time="5.578" classname="com.eDocs.microbialCalculation.MicrobialCalculation"/>
</testsuite> <!-- com.eDocs.microbialCalculation.MicrobialCalculation -->
