<?xml version="1.0" encoding="UTF-8"?>
<!-- Generated by org.testng.reporters.JUnitReportReporter -->
<testsuite skipped="0" hostname="ezs013" name="com.eDocs.API.NonMandatoryFields" tests="16" failures="0" timestamp="20 Aug 2018 09:54:05 GMT" time="35.454" errors="0">
  <testcase name="NoofCarbonZEROTest" time="2.030" classname="com.eDocs.API.NonMandatoryFields"/>
  <testcase name="NoofCarbonMaxLengthTest" time="2.124" classname="com.eDocs.API.NonMandatoryFields"/>
  <testcase name="NoofCarbonAlphabetsTest" time="2.039" classname="com.eDocs.API.NonMandatoryFields"/>
  <testcase name="NoofCarbonSpaceTest" time="2.066" classname="com.eDocs.API.NonMandatoryFields"/>
  <testcase name="NoofCarbonMultiDecimalTest" time="2.116" classname="com.eDocs.API.NonMandatoryFields"/>
  <testcase name="activeMolarZEROTest" time="1.962" classname="com.eDocs.API.NonMandatoryFields"/>
  <testcase name="activeMolarMaxLengthTest" time="2.134" classname="com.eDocs.API.NonMandatoryFields"/>
  <testcase name="activeMolarAlphabetsTest" time="2.022" classname="com.eDocs.API.NonMandatoryFields"/>
  <testcase name="activeMolarSpaceTest" time="2.038" classname="com.eDocs.API.NonMandatoryFields"/>
  <testcase name="activeMolarMultiDecimalTest" time="2.113" classname="com.eDocs.API.NonMandatoryFields"/>
  <testcase name="solubilityWaterZEROTest" time="2.021" classname="com.eDocs.API.NonMandatoryFields"/>
  <testcase name="solubilityWaterMaxLengthTest" time="2.078" classname="com.eDocs.API.NonMandatoryFields"/>
  <testcase name="solubilityWaterAlphabetsTest" time="2.045" classname="com.eDocs.API.NonMandatoryFields"/>
  <testcase name="solubilityWaterSpaceTest" time="2.104" classname="com.eDocs.API.NonMandatoryFields"/>
  <testcase name="solubilityWaterMultiDecimalTest" time="2.071" classname="com.eDocs.API.NonMandatoryFields"/>
  <testcase name="APISAVE" time="4.491" classname="com.eDocs.API.NonMandatoryFields"/>
</testsuite> <!-- com.eDocs.API.NonMandatoryFields -->
