<?xml version="1.0" encoding="UTF-8"?>
<!-- Generated by org.testng.reporters.JUnitReportReporter -->
<testsuite skipped="0" hostname="ezs013" name="com.eDocs.PatchProduct.PatchWorstCaseRating" tests="2" failures="0" timestamp="20 Aug 2018 09:54:05 GMT" time="6.160" errors="0">
  <testcase name="worstcaseRatingEmptyTest" time="4.128" classname="com.eDocs.PatchProduct.PatchWorstCaseRating"/>
  <testcase name="worstcaseRatingSelection" time="2.032" classname="com.eDocs.PatchProduct.PatchWorstCaseRating"/>
</testsuite> <!-- com.eDocs.PatchProduct.PatchWorstCaseRating -->
