<?xml version="1.0" encoding="UTF-8"?>
<!-- Generated by org.testng.reporters.JUnitReportReporter -->
<testsuite skipped="0" hostname="ezs013" name="com.eDocs.Product.ProductDose" tests="6" failures="0" timestamp="31 Jul 2018 08:33:03 GMT" time="21.328" errors="0">
  <testcase name="productDoseEmpty" time="3.665" classname="com.eDocs.Product.ProductDose"/>
  <testcase name="productDoseZERO" time="3.072" classname="com.eDocs.Product.ProductDose"/>
  <testcase name="productDoseMaxLength" time="3.608" classname="com.eDocs.Product.ProductDose"/>
  <testcase name="productDoseAlphabetsTest" time="3.570" classname="com.eDocs.Product.ProductDose"/>
  <testcase name="productDoseSpaceTest" time="3.646" classname="com.eDocs.Product.ProductDose"/>
  <testcase name="productDoseMultiDecimalTest" time="3.767" classname="com.eDocs.Product.ProductDose"/>
</testsuite> <!-- com.eDocs.Product.ProductDose -->
